root 2023-12-29 04:30:14,458 INFO Step_1_hits. Creating a log.
root 2023-12-29 04:30:15,510 INFO Code status 200
NoneType: None
root 2023-12-29 04:30:15,511 INFO Step_1_hits. Successful log request.
root 2023-12-29 04:30:15,511 INFO Step_1_hits. Request number 33181375.
root 2023-12-29 04:30:15,511 INFO Step_1_hits. Request status created.
root 2023-12-29 04:30:15,511 INFO Step_2_hits. Log processing status.
root 2023-12-29 04:30:15,799 INFO Step_2_hits. Loading data. Code 200.
root 2023-12-29 04:31:19,143 INFO Step_2_hits. Number of parts - 1.
root 2023-12-29 04:31:19,143 INFO Step_2_hits. Request status processed.
root 2023-12-29 04:31:19,144 INFO Step_3_hits. Loading the log.
root 2023-12-29 04:31:19,907 INFO Step_3_hits. Loading a log from one part.
root 2023-12-29 04:31:19,907 INFO Step_4_hits. Deleting a log.
root 2023-12-29 04:31:20,185 INFO Step_4_hits. Successful log deletion # 33181375.
root 2023-12-29 04:31:20,185 INFO Step_4_hits. Deleting variables.
root 2023-12-29 04:31:20,189 INFO Start clearing data HITS.
root 2023-12-29 04:31:20,189 INFO Reading data HITS and writing to a dataframe.
root 2023-12-29 04:31:20,489 INFO Renaming columns HITS.
root 2023-12-29 04:31:20,558 INFO Clearing data HITS.
root 2023-12-29 04:31:20,665 INFO Start zagruzka v bazu logs api HITS.
root 2023-12-29 04:31:20,736 INFO Start zagruzka dannih - ym_hits_stranitsi_new.
root 2023-12-29 04:31:21,919 INFO End zagruzka dannih - ym_hits_stranitsi_new.
root 2023-12-29 04:31:21,920 INFO Start zagruzka dannih - ym_hits_obshee_new.
root 2023-12-29 04:31:23,047 INFO End zagruzka dannih - ym_hits_obshee_new.
root 2023-12-29 04:31:23,047 INFO Start zagruzka dannih - ym_hits_deystviya_new.
root 2023-12-29 04:31:23,976 INFO End zagruzka dannih - ym_hits_deystviya_new.
root 2023-12-29 04:31:23,976 INFO Start zagruzka dannih - ym_hits_ad_new.
root 2023-12-29 04:31:24,723 INFO End zagruzka dannih - ym_hits_ad_new.
root 2023-12-29 04:31:24,819 INFO Step_1_visit. Creating a log.
root 2023-12-29 04:31:25,207 INFO Code status 200
NoneType: None
root 2023-12-29 04:31:25,207 INFO Step_1_visit. Successful log request.
root 2023-12-29 04:31:25,207 INFO Step_1_visit. Request number 33181388.
root 2023-12-29 04:31:25,208 INFO Step_1_visit. Request status created.
root 2023-12-29 04:31:25,208 INFO Step_2_visit. Log processing status.
root 2023-12-29 04:31:25,460 INFO Step_2_visit. Loading data. Code 200.
root 2023-12-29 04:33:11,168 INFO Step_2_visit. Number of parts - 0.
root 2023-12-29 04:33:11,168 INFO Step_2_visit. Request status processed.
root 2023-12-29 04:33:11,168 INFO Step_3_visit. Loading the log.
root 2023-12-29 04:33:11,800 INFO Step_3_visit. Loading a log from one part.
root 2023-12-29 04:33:11,800 INFO Step_3_visit. Loading 0 parts of the log.
root 2023-12-29 04:33:11,800 INFO Step_4_visit. Deleting a log.
root 2023-12-29 04:33:12,080 INFO Step_4_visit. Successful log deletion # 33181388.
root 2023-12-29 04:33:12,080 INFO Step_4_visit. Deleting variables.
root 2023-12-29 04:33:12,085 INFO Start clearing data VISITS.
root 2023-12-29 04:33:12,085 INFO Reading data VISITS and writing to a dataframe.
root 2023-12-29 04:33:12,149 INFO Renaming columns VISITS.
root 2023-12-29 04:33:12,154 INFO Clearing data VISITS.
root 2023-12-29 04:33:12,646 INFO Start zagruzka v bazu logs api VISITS.
root 2023-12-29 04:33:12,688 INFO Start zagruzka dannih - ym_visits_obshee_new.
root 2023-12-29 04:33:13,110 INFO End zagruzka dannih - ym_visits_obshee_new.
root 2023-12-29 04:33:13,110 INFO Start zagruzka dannih - # ym_visits_detali_new.
root 2023-12-29 04:33:13,430 INFO End zagruzka dannih - ym_visits_detali_new.
root 2023-12-29 04:33:13,430 INFO siteLocationCountry(). Podkluchenie k base site i otptavka zaprosa.
paramiko.transport 2023-12-29 04:33:13,497 INFO Connected (version 2.0, client OpenSSH_7.4)
paramiko.transport 2023-12-29 04:33:14,171 INFO Authentication (password) successful!
root 2023-12-29 04:33:14,962 INFO siteLocationCountry(). Uspeshnoe poluchenie dannih.
root 2023-12-29 04:33:15,418 INFO siteLocationCity(). Podkluchenie k base site i otptavka zaprosa.
paramiko.transport 2023-12-29 04:33:15,443 INFO Connected (version 2.0, client OpenSSH_7.4)
paramiko.transport 2023-12-29 04:33:16,014 INFO Authentication (password) successful!
root 2023-12-29 04:33:16,790 INFO siteLocationCity(). Uspeshnoe poluchenie dannih.
root 2023-12-29 04:33:16,875 INFO siteStatus(). Podkluchenie k base site i otptavka zaprosa.
paramiko.transport 2023-12-29 04:33:16,905 INFO Connected (version 2.0, client OpenSSH_7.4)
paramiko.transport 2023-12-29 04:33:17,378 INFO Authentication (password) successful!
root 2023-12-29 04:33:18,041 INFO siteStatus(). Uspeshnoe poluchenie dannih.
root 2023-12-29 04:33:18,117 INFO siteUsers(). Podkluchenie k base site i otptavka zaprosa.
paramiko.transport 2023-12-29 04:33:18,149 INFO Connected (version 2.0, client OpenSSH_7.4)
paramiko.transport 2023-12-29 04:33:18,628 INFO Authentication (password) successful!
root 2023-12-29 04:33:19,950 INFO siteUsers(). Uspeshnoe poluchenie dannih.
root 2023-12-29 04:33:19,994 INFO site.dataSiteToBd(). Zapis dataframe v tablitsu site_user_new.
root 2023-12-29 04:33:20,161 INFO site.dataSiteToBd(). Dataframe uspeshno zapisan v tablitsu - site_user_new.
root 2023-12-29 04:33:20,206 INFO siteInsertOrders(). Podkluchenie k base site i otptavka zaprosa.
paramiko.transport 2023-12-29 04:33:20,245 INFO Connected (version 2.0, client OpenSSH_7.4)
paramiko.transport 2023-12-29 04:33:20,668 INFO Authentication (password) successful!
root 2023-12-29 04:33:24,662 INFO siteInsertOrders(). Uspeshnoe poluchenie dannih.
root 2023-12-29 04:33:24,666 INFO site.dataSiteToBd(). Zapis dataframe v tablitsu site_insert_order_new.
root 2023-12-29 04:33:24,801 INFO site.dataSiteToBd(). Dataframe uspeshno zapisan v tablitsu - site_insert_order_new.
root 2023-12-29 04:33:24,804 INFO siteUpdateOrders(). Podkluchenie k base site i otptavka zaprosa.
paramiko.transport 2023-12-29 04:33:24,831 INFO Connected (version 2.0, client OpenSSH_7.4)
paramiko.transport 2023-12-29 04:33:25,242 INFO Authentication (password) successful!
root 2023-12-29 04:33:28,640 INFO siteUpdateOrders(). Uspeshnoe poluchenie dannih.
root 2023-12-29 04:33:28,644 INFO site.dataSiteToBd(). Zapis dataframe v tablitsu site_update_order_new.
root 2023-12-29 04:33:28,763 INFO site.dataSiteToBd(). Dataframe uspeshno zapisan v tablitsu - site_update_order_new.
root 2023-12-29 04:33:28,826 INFO siteInsertFuser(). Podkluchenie k base site i otptavka zaprosa.
paramiko.transport 2023-12-29 04:33:28,849 INFO Connected (version 2.0, client OpenSSH_7.4)
paramiko.transport 2023-12-29 04:33:29,331 INFO Authentication (password) successful!
root 2023-12-29 04:33:30,445 INFO siteInsertFuser(). Uspeshnoe poluchenie dannih.
root 2023-12-29 04:33:30,448 INFO site.dataSiteToBd(). Zapis dataframe v tablitsu site_insert_fuser_new.
root 2023-12-29 04:33:31,158 INFO site.dataSiteToBd(). Dataframe uspeshno zapisan v tablitsu - site_insert_fuser_new.
root 2023-12-29 04:33:31,209 INFO siteUpdateFuser(). Podkluchenie k base site i otptavka zaprosa.
paramiko.transport 2023-12-29 04:33:31,235 INFO Connected (version 2.0, client OpenSSH_7.4)
paramiko.transport 2023-12-29 04:33:31,641 INFO Authentication (password) successful!
root 2023-12-29 04:33:32,801 INFO siteUpdateFuser(). Uspeshnoe poluchenie dannih.
root 2023-12-29 04:33:32,804 INFO site.dataSiteToBd(). Zapis dataframe v tablitsu site_update_fuser_new.
root 2023-12-29 04:33:33,298 INFO site.dataSiteToBd(). Dataframe uspeshno zapisan v tablitsu - site_update_fuser_new.
root 2023-12-29 04:33:33,302 INFO siteInsertBasket(). Podkluchenie k base site i otptavka zaprosa.
paramiko.transport 2023-12-29 04:33:33,333 INFO Connected (version 2.0, client OpenSSH_7.4)
paramiko.transport 2023-12-29 04:33:33,690 INFO Authentication (password) successful!
root 2023-12-29 04:33:37,002 INFO siteInsertBasket(). Uspeshnoe poluchenie dannih.
root 2023-12-29 04:33:37,005 INFO site.dataSiteToBd(). Zapis dataframe v tablitsu site_insert_basket_new.
root 2023-12-29 04:33:37,152 INFO site.dataSiteToBd(). Dataframe uspeshno zapisan v tablitsu - site_insert_basket_new.
root 2023-12-29 04:33:37,201 INFO siteUpdateBasket(). Podkluchenie k base site i otptavka zaprosa.
paramiko.transport 2023-12-29 04:33:37,230 INFO Connected (version 2.0, client OpenSSH_7.4)
paramiko.transport 2023-12-29 04:33:37,581 INFO Authentication (password) successful!
root 2023-12-29 04:33:40,905 INFO siteUpdateBasket(). Uspeshnoe poluchenie dannih.
root 2023-12-29 04:33:40,916 INFO site.dataSiteToBd(). Zapis dataframe v tablitsu site_update_basket_new.
root 2023-12-29 04:33:41,435 INFO site.dataSiteToBd(). Dataframe uspeshno zapisan v tablitsu - site_update_basket_new.
root 2023-12-29 04:33:41,668 INFO siteGuest(). Podkluchenie k base site i otptavka zaprosa.
paramiko.transport 2023-12-29 04:33:41,709 INFO Connected (version 2.0, client OpenSSH_7.4)
paramiko.transport 2023-12-29 04:33:42,073 INFO Authentication (password) successful!
root 2023-12-29 04:33:59,739 INFO siteGuest(). Uspeshnoe poluchenie dannih.
root 2023-12-29 04:33:59,754 INFO site.dataSiteToBd(). Zapis dataframe v tablitsu site_guest_new.
root 2023-12-29 04:34:01,032 INFO site.dataSiteToBd(). Dataframe uspeshno zapisan v tablitsu - site_guest_new.
root 2023-12-29 04:34:01,197 INFO siteSession(). Podkluchenie k base site i otptavka zaprosa.
paramiko.transport 2023-12-29 04:34:01,230 INFO Connected (version 2.0, client OpenSSH_7.4)
paramiko.transport 2023-12-29 04:34:01,621 INFO Authentication (password) successful!
root 2023-12-29 04:34:25,851 INFO siteSession(). Uspeshnoe poluchenie dannih.
root 2023-12-29 04:34:25,873 INFO site.dataSiteToBd(). Zapis dataframe v tablitsu site_session_new.
root 2023-12-29 04:34:27,640 INFO site.dataSiteToBd(). Dataframe uspeshno zapisan v tablitsu - site_session_new.
root 2023-12-29 04:34:27,675 INFO siteOrderPropsValue(). Podkluchenie k base site i otptavka zaprosa.
paramiko.transport 2023-12-29 04:34:27,705 INFO Connected (version 2.0, client OpenSSH_7.4)
paramiko.transport 2023-12-29 04:34:28,068 INFO Authentication (password) successful!
root 2023-12-29 04:34:32,130 INFO siteOrderPropsValue(). Uspeshnoe poluchenie dannih.
root 2023-12-29 04:34:32,140 INFO site.dataSiteToBd(). Zapis dataframe v tablitsu site_order_props_value_new.
root 2023-12-29 04:34:32,269 INFO site.dataSiteToBd(). Dataframe uspeshno zapisan v tablitsu - site_order_props_value_new.
root 2023-12-29 04:34:32,274 INFO siteTransact(). Podkluchenie k base site i otptavka zaprosa.
paramiko.transport 2023-12-29 04:34:32,302 INFO Connected (version 2.0, client OpenSSH_7.4)
paramiko.transport 2023-12-29 04:34:32,639 INFO Authentication (password) successful!
root 2023-12-29 04:34:33,318 INFO siteTransact(). Uspeshnoe poluchenie dannih.
root 2023-12-29 04:34:33,320 INFO site.dataSiteToBd(). Zapis dataframe v tablitsu site_user_transact_new.
root 2023-12-29 04:34:33,402 INFO site.dataSiteToBd(). Dataframe uspeshno zapisan v tablitsu - site_user_transact_new.
root 2023-12-29 09:33:48,361 INFO siteLocationCountry(). Podkluchenie k base site i otptavka zaprosa.
paramiko.transport 2023-12-29 09:33:48,433 INFO Connected (version 2.0, client OpenSSH_7.4)
paramiko.transport 2023-12-29 09:33:48,954 INFO Authentication (password) successful!
root 2023-12-29 09:33:49,852 INFO siteLocationCountry(). Uspeshnoe poluchenie dannih.
root 2023-12-29 09:33:50,031 INFO siteLocationCity(). Podkluchenie k base site i otptavka zaprosa.
paramiko.transport 2023-12-29 09:33:50,060 INFO Connected (version 2.0, client OpenSSH_7.4)
paramiko.transport 2023-12-29 09:33:50,532 INFO Authentication (password) successful!
root 2023-12-29 09:33:51,195 INFO siteLocationCity(). Uspeshnoe poluchenie dannih.
root 2023-12-29 09:33:51,209 INFO siteStatus(). Podkluchenie k base site i otptavka zaprosa.
paramiko.transport 2023-12-29 09:33:51,238 INFO Connected (version 2.0, client OpenSSH_7.4)
paramiko.transport 2023-12-29 09:33:51,730 INFO Authentication (password) successful!
root 2023-12-29 09:33:52,396 INFO siteStatus(). Uspeshnoe poluchenie dannih.
root 2023-12-29 09:33:52,515 INFO siteTransact(). Podkluchenie k base site i otptavka zaprosa.
paramiko.transport 2023-12-29 09:33:52,544 INFO Connected (version 2.0, client OpenSSH_7.4)
paramiko.transport 2023-12-29 09:33:52,900 INFO Authentication (password) successful!
root 2023-12-29 09:33:53,569 INFO siteTransact(). Uspeshnoe poluchenie dannih.
root 2023-12-29 09:33:53,570 INFO site.dataSiteToBd(). Zapis dataframe v tablitsu site_user_transact_new.
root 2023-12-29 09:33:53,671 INFO site.dataSiteToBd(). Dataframe uspeshno zapisan v tablitsu - site_user_transact_new.
root 2023-12-29 09:35:18,755 INFO siteLocationCountry(). Podkluchenie k base site i otptavka zaprosa.
paramiko.transport 2023-12-29 09:35:18,787 INFO Connected (version 2.0, client OpenSSH_7.4)
paramiko.transport 2023-12-29 09:35:19,241 INFO Authentication (password) successful!
root 2023-12-29 09:35:19,900 INFO siteLocationCountry(). Uspeshnoe poluchenie dannih.
root 2023-12-29 09:35:19,922 INFO siteLocationCity(). Podkluchenie k base site i otptavka zaprosa.
paramiko.transport 2023-12-29 09:35:19,952 INFO Connected (version 2.0, client OpenSSH_7.4)
paramiko.transport 2023-12-29 09:35:20,382 INFO Authentication (password) successful!
root 2023-12-29 09:35:21,069 INFO siteLocationCity(). Uspeshnoe poluchenie dannih.
root 2023-12-29 09:35:21,092 INFO siteStatus(). Podkluchenie k base site i otptavka zaprosa.
paramiko.transport 2023-12-29 09:35:21,119 INFO Connected (version 2.0, client OpenSSH_7.4)
paramiko.transport 2023-12-29 09:35:21,435 INFO Authentication (password) successful!
root 2023-12-29 09:35:22,102 INFO siteStatus(). Uspeshnoe poluchenie dannih.
root 2023-12-29 09:35:22,180 INFO siteTransact(). Podkluchenie k base site i otptavka zaprosa.
paramiko.transport 2023-12-29 09:35:22,213 INFO Connected (version 2.0, client OpenSSH_7.4)
paramiko.transport 2023-12-29 09:35:22,560 INFO Authentication (password) successful!
root 2023-12-29 09:35:23,229 INFO siteTransact(). Uspeshnoe poluchenie dannih.
root 2023-12-29 09:35:23,230 INFO site.dataSiteToBd(). Zapis dataframe v tablitsu site_user_transact_new.
root 2023-12-29 09:35:23,293 INFO site.dataSiteToBd(). Dataframe uspeshno zapisan v tablitsu - site_user_transact_new.
root 2023-12-29 09:52:56,711 INFO siteLocationCountry(). Podkluchenie k base site i otptavka zaprosa.
paramiko.transport 2023-12-29 09:52:56,875 INFO Connected (version 2.0, client OpenSSH_7.4)
paramiko.transport 2023-12-29 09:52:57,492 INFO Authentication (password) successful!
root 2023-12-29 09:52:58,682 INFO siteLocationCountry(). Uspeshnoe poluchenie dannih.
root 2023-12-29 09:53:00,072 INFO siteLocationCity(). Podkluchenie k base site i otptavka zaprosa.
paramiko.transport 2023-12-29 09:53:00,099 INFO Connected (version 2.0, client OpenSSH_7.4)
paramiko.transport 2023-12-29 09:53:00,453 INFO Authentication (password) successful!
root 2023-12-29 09:53:01,118 INFO siteLocationCity(). Uspeshnoe poluchenie dannih.
root 2023-12-29 09:53:01,401 INFO siteStatus(). Podkluchenie k base site i otptavka zaprosa.
paramiko.transport 2023-12-29 09:53:01,422 INFO Connected (version 2.0, client OpenSSH_7.4)
paramiko.transport 2023-12-29 09:53:01,824 INFO Authentication (password) successful!
root 2023-12-29 09:53:02,478 INFO siteStatus(). Uspeshnoe poluchenie dannih.
root 2023-12-29 09:53:03,006 INFO siteTransact(). Podkluchenie k base site i otptavka zaprosa.
paramiko.transport 2023-12-29 09:53:03,035 INFO Connected (version 2.0, client OpenSSH_7.4)
paramiko.transport 2023-12-29 09:53:03,450 INFO Authentication (password) successful!
root 2023-12-29 09:53:04,109 INFO siteTransact(). Uspeshnoe poluchenie dannih.
root 2023-12-29 09:53:04,110 INFO site.dataSiteToBd(). Zapis dataframe v tablitsu site_user_transact_new.
root 2023-12-29 09:53:04,198 INFO site.dataSiteToBd(). Dataframe uspeshno zapisan v tablitsu - site_user_transact_new.
root 2023-12-29 09:53:04,427 INFO Otpravka soobsheniya v telegram.
root 2023-12-29 09:53:05,022 INFO Soobshenie v telegram otpravleno.
