root 2023-12-27 09:55:26,325 INFO Step_1_hits. Creating a log.
root 2023-12-27 09:55:27,038 INFO Code status 200
NoneType: None
root 2023-12-27 09:55:27,038 INFO Step_1_hits. Successful log request.
root 2023-12-27 09:55:27,038 INFO Step_1_hits. Request number 33154645.
root 2023-12-27 09:55:27,038 INFO Step_1_hits. Request status created.
root 2023-12-27 09:55:27,038 INFO Step_2_hits. Log processing status.
root 2023-12-27 09:55:27,277 INFO Step_2_hits. Loading data. Code 200.
root 2023-12-27 09:56:09,233 INFO Step_2_hits. Number of parts - 1.
root 2023-12-27 09:56:09,233 INFO Step_2_hits. Request status processed.
root 2023-12-27 09:56:09,234 INFO Step_3_hits. Loading the log.
root 2023-12-27 09:56:09,665 INFO Step_3_hits. Loading a log from one part.
root 2023-12-27 09:56:09,665 INFO Step_4_hits. Deleting a log.
root 2023-12-27 09:56:09,909 INFO Step_4_hits. Successful log deletion # 33154645.
root 2023-12-27 09:56:09,909 INFO Step_4_hits. Deleting variables.
root 2023-12-27 09:56:09,910 INFO Start clearing data HITS.
root 2023-12-27 09:56:09,910 INFO Reading data HITS and writing to a dataframe.
root 2023-12-27 09:56:10,040 INFO Renaming columns HITS.
root 2023-12-27 09:56:10,103 INFO Clearing data HITS.
root 2023-12-27 09:56:10,118 INFO Start zagruzka v bazu logs api HITS.
root 2023-12-27 09:56:10,190 INFO Start zagruzka dannih - ym_hits_stranitsi_new.
root 2023-12-27 09:56:10,349 INFO End zagruzka dannih - ym_hits_stranitsi_new.
root 2023-12-27 09:56:10,350 INFO Start zagruzka dannih - ym_hits_obshee_new.
root 2023-12-27 09:56:10,509 INFO End zagruzka dannih - ym_hits_obshee_new.
root 2023-12-27 09:56:10,509 INFO Start zagruzka dannih - ym_hits_deystviya_new.
root 2023-12-27 09:56:10,635 INFO End zagruzka dannih - ym_hits_deystviya_new.
root 2023-12-27 09:56:10,635 INFO Start zagruzka dannih - ym_hits_ad_new.
root 2023-12-27 09:56:10,730 INFO End zagruzka dannih - ym_hits_ad_new.
root 2023-12-27 09:56:10,767 INFO Step_1_visit. Creating a log.
root 2023-12-27 09:56:11,066 INFO Code status 200
NoneType: None
root 2023-12-27 09:56:11,067 INFO Step_1_visit. Successful log request.
root 2023-12-27 09:56:11,068 INFO Step_1_visit. Request number 33154651.
root 2023-12-27 09:56:11,068 INFO Step_1_visit. Request status created.
root 2023-12-27 09:56:11,068 INFO Step_2_visit. Log processing status.
root 2023-12-27 09:56:11,302 INFO Step_2_visit. Loading data. Code 200.
root 2023-12-27 09:57:09,057 INFO Step_2_visit. Number of parts - 0.
root 2023-12-27 09:57:09,057 INFO Step_2_visit. Request status processed.
root 2023-12-27 09:57:09,057 INFO Step_3_visit. Loading the log.
root 2023-12-27 09:57:09,417 INFO Step_3_visit. Loading a log from one part.
root 2023-12-27 09:57:09,417 INFO Step_3_visit. Loading 0 parts of the log.
root 2023-12-27 09:57:09,417 INFO Step_4_visit. Deleting a log.
root 2023-12-27 09:57:09,716 INFO Step_4_visit. Successful log deletion # 33154651.
root 2023-12-27 09:57:09,716 INFO Step_4_visit. Deleting variables.
root 2023-12-27 09:57:09,719 INFO Start clearing data VISITS.
root 2023-12-27 09:57:09,719 INFO Reading data VISITS and writing to a dataframe.
root 2023-12-27 09:57:09,748 INFO Renaming columns VISITS.
root 2023-12-27 09:57:09,755 INFO Clearing data VISITS.
root 2023-12-27 09:57:09,815 INFO Start zagruzka v bazu logs api VISITS.
root 2023-12-27 09:57:09,972 INFO Start zagruzka dannih - ym_visits_obshee_new.
root 2023-12-27 09:57:10,010 INFO End zagruzka dannih - ym_visits_obshee_new.
root 2023-12-27 09:57:10,010 INFO Start zagruzka dannih - # ym_visits_detali_new.
root 2023-12-27 09:57:10,037 INFO End zagruzka dannih - ym_visits_detali_new.
root 2023-12-27 09:59:37,862 INFO siteLocationCountry(). Podkluchenie k base site i otptavka zaprosa.
paramiko.transport 2023-12-27 09:59:37,974 INFO Connected (version 2.0, client OpenSSH_7.4)
paramiko.transport 2023-12-27 09:59:43,591 INFO Authentication (password) successful!
root 2023-12-27 09:59:44,487 INFO siteLocationCountry(). Uspeshnoe poluchenie dannih.
root 2023-12-27 09:59:44,768 INFO siteLocationCity(). Podkluchenie k base site i otptavka zaprosa.
paramiko.transport 2023-12-27 09:59:44,796 INFO Connected (version 2.0, client OpenSSH_7.4)
paramiko.transport 2023-12-27 09:59:45,307 INFO Authentication (password) successful!
root 2023-12-27 09:59:46,074 INFO siteLocationCity(). Uspeshnoe poluchenie dannih.
root 2023-12-27 09:59:46,100 INFO siteStatus(). Podkluchenie k base site i otptavka zaprosa.
paramiko.transport 2023-12-27 09:59:46,128 INFO Connected (version 2.0, client OpenSSH_7.4)
paramiko.transport 2023-12-27 09:59:46,544 INFO Authentication (password) successful!
root 2023-12-27 09:59:47,198 INFO siteStatus(). Uspeshnoe poluchenie dannih.
root 2023-12-27 10:06:21,556 INFO siteStatus(). Podkluchenie k base site i otptavka zaprosa.
paramiko.transport 2023-12-27 10:06:21,585 INFO Connected (version 2.0, client OpenSSH_7.4)
paramiko.transport 2023-12-27 10:06:22,053 INFO Authentication (password) successful!
root 2023-12-27 10:06:22,613 INFO siteStatus(). Uspeshnoe poluchenie dannih.
root 2023-12-27 10:28:04,644 INFO siteStatus(). Podkluchenie k base site i otptavka zaprosa.
paramiko.transport 2023-12-27 10:28:04,666 INFO Connected (version 2.0, client OpenSSH_7.4)
paramiko.transport 2023-12-27 10:28:05,133 INFO Authentication (password) successful!
root 2023-12-27 10:28:05,795 INFO siteStatus(). Uspeshnoe poluchenie dannih.
root 2023-12-27 10:28:29,558 INFO siteUsers(). Podkluchenie k base site i otptavka zaprosa.
paramiko.transport 2023-12-27 10:28:29,592 INFO Connected (version 2.0, client OpenSSH_7.4)
paramiko.transport 2023-12-27 10:28:30,037 INFO Authentication (password) successful!
root 2023-12-27 10:28:31,258 INFO siteUsers(). Uspeshnoe poluchenie dannih.
root 2023-12-27 10:28:31,289 INFO site.dataSiteToBd(). Zapis dataframe v tablitsu site_user_new.
root 2023-12-27 10:28:31,489 INFO site.dataSiteToBd(). Dataframe uspeshno zapisan v tablitsu - site_user_new.
root 2023-12-27 10:28:31,514 INFO siteInsertOrders(). Podkluchenie k base site i otptavka zaprosa.
paramiko.transport 2023-12-27 10:28:31,548 INFO Connected (version 2.0, client OpenSSH_7.4)
paramiko.transport 2023-12-27 10:28:31,970 INFO Authentication (password) successful!
root 2023-12-27 10:28:35,707 INFO siteInsertOrders(). Uspeshnoe poluchenie dannih.
root 2023-12-27 10:28:35,714 INFO site.dataSiteToBd(). Zapis dataframe v tablitsu site_insert_order_new.
root 2023-12-27 10:28:35,924 INFO site.dataSiteToBd(). Dataframe uspeshno zapisan v tablitsu - site_insert_order_new.
root 2023-12-27 10:28:35,929 INFO siteUpdateOrders(). Podkluchenie k base site i otptavka zaprosa.
paramiko.transport 2023-12-27 10:28:35,979 INFO Connected (version 2.0, client OpenSSH_7.4)
paramiko.transport 2023-12-27 10:28:36,366 INFO Authentication (password) successful!
root 2023-12-27 10:28:40,232 INFO siteUpdateOrders(). Uspeshnoe poluchenie dannih.
root 2023-12-27 10:28:40,236 INFO site.dataSiteToBd(). Zapis dataframe v tablitsu site_update_order_new.
root 2023-12-27 10:28:40,377 INFO site.dataSiteToBd(). Dataframe uspeshno zapisan v tablitsu - site_update_order_new.
root 2023-12-27 10:36:14,341 INFO siteInsertFuser(). Podkluchenie k base site i otptavka zaprosa.
paramiko.transport 2023-12-27 10:36:14,369 INFO Connected (version 2.0, client OpenSSH_7.4)
paramiko.transport 2023-12-27 10:36:14,825 INFO Authentication (password) successful!
root 2023-12-27 10:36:16,060 INFO siteInsertFuser(). Uspeshnoe poluchenie dannih.
root 2023-12-27 10:36:16,063 INFO site.dataSiteToBd(). Zapis dataframe v tablitsu site_insert_fuser_new.
root 2023-12-27 10:36:16,716 INFO site.dataSiteToBd(). Dataframe uspeshno zapisan v tablitsu - site_insert_fuser_new.
root 2023-12-27 10:36:16,752 INFO siteUpdateFuser(). Podkluchenie k base site i otptavka zaprosa.
paramiko.transport 2023-12-27 10:36:16,792 INFO Connected (version 2.0, client OpenSSH_7.4)
paramiko.transport 2023-12-27 10:36:17,205 INFO Authentication (password) successful!
root 2023-12-27 10:36:19,320 INFO siteUpdateFuser(). Uspeshnoe poluchenie dannih.
root 2023-12-27 10:36:19,326 INFO site.dataSiteToBd(). Zapis dataframe v tablitsu site_update_fuser_new.
root 2023-12-27 10:36:19,926 ERROR site.dataSiteToBd(). Oshibka zapisi dannih v tab site_update_fuser_new - (psycopg2.errors.UniqueViolation) duplicate key value violates unique constraint "site_update_fuser_new_pkey"
DETAIL:  Key (id)=(7099) already exists.

[SQL: INSERT INTO public.site_update_fuser_new (id, date_insert, date_update, user_id, code) VALUES (%(id__0)s, %(date_insert__0)s, %(date_update__0)s, %(user_id__0)s, %(code__0)s), (%(id__1)s, %(date_insert__1)s, %(date_update__1)s, %(user_id__1)s, %(code ... 91192 characters truncated ... __998)s), (%(id__999)s, %(date_insert__999)s, %(date_update__999)s, %(user_id__999)s, %(code__999)s)]
[parameters: {'date_update__0': datetime.datetime(2023, 12, 25, 18, 16, 19), 'user_id__0': 8865.0, 'code__0': '7e66e49a7a44727a0b656cc67c2b24b1', 'date_insert__0': datetime.datetime(2015, 11, 27, 15, 22, 4), 'id__0': 7099, 'date_update__1': datetime.datetime(2023, 12, 26, 23, 24, 43), 'user_id__1': 8778.0, 'code__1': '482ed1661c6eed411ca1665cfb9c2a8c', 'date_insert__1': datetime.datetime(2015, 11, 27, 15, 40, 37), 'id__1': 7170, 'date_update__2': datetime.datetime(2023, 12, 25, 9, 54, 57), 'user_id__2': 9959.0, 'code__2': '2a48f5659d9df7706375b0995efa221c', 'date_insert__2': datetime.datetime(2015, 11, 27, 15, 51, 7), 'id__2': 7202, 'date_update__3': datetime.datetime(2023, 12, 26, 15, 13, 18), 'user_id__3': 8777.0, 'code__3': 'bcdd57e3254eca804fd5a186b24cc520', 'date_insert__3': datetime.datetime(2015, 11, 27, 16, 28, 47), 'id__3': 7635, 'date_update__4': datetime.datetime(2023, 12, 26, 23, 48, 8), 'user_id__4': 15613.0, 'code__4': '66cd6998d6e1b7c33c56e902e90f9798', 'date_insert__4': datetime.datetime(2015, 11, 27, 20, 20, 14), 'id__4': 9586, 'date_update__5': datetime.datetime(2023, 12, 26, 14, 47, 41), 'user_id__5': 11061.0, 'code__5': '03fd8ebee24d3e1018033c22641f4fc7', 'date_insert__5': datetime.datetime(2015, 11, 28, 5, 49, 13), 'id__5': 11000, 'date_update__6': datetime.datetime(2023, 12, 26, 15, 24, 24), 'user_id__6': 9390.0, 'code__6': 'd3b47bf5e4d1e79c01123da2a3a957f0', 'date_insert__6': datetime.datetime(2015, 11, 28, 8, 7, 12), 'id__6': 11408, 'date_update__7': datetime.datetime(2023, 12, 25, 13, 35, 12), 'user_id__7': 12236.0, 'code__7': '677496b94e5d800105df6ba2944f1a3c', 'date_insert__7': datetime.datetime(2015, 11, 28, 8, 17, 2), 'id__7': 11447, 'date_update__8': datetime.datetime(2023, 12, 26, 21, 56, 47), 'user_id__8': 18624.0, 'code__8': '15504b41508244b098b4bd1dca82db20', 'date_insert__8': datetime.datetime(2015, 11, 28, 8, 53, 53), 'id__8': 11542, 'date_update__9': datetime.datetime(2023, 12, 25, 23, 41, 19), 'user_id__9': 11838.0, 'code__9': '7dc4a146ddc3bf6398e990a3506b9c4a', 'date_insert__9': datetime.datetime(2015, 11, 28, 8, 55, 32), 'id__9': 11544 ... 4900 parameters truncated ... 'date_update__990': datetime.datetime(2023, 12, 25, 19, 23, 38), 'user_id__990': None, 'code__990': '41bce72d3e15932becfc675e16c02781', 'date_insert__990': datetime.datetime(2023, 12, 7, 14, 57, 40), 'id__990': 62180058, 'date_update__991': datetime.datetime(2023, 12, 26, 17, 49, 28), 'user_id__991': None, 'code__991': '44c4cc5e8953746bf012f692818718f2', 'date_insert__991': datetime.datetime(2023, 12, 7, 15, 31, 32), 'id__991': 62180401, 'date_update__992': datetime.datetime(2023, 12, 26, 18, 52, 47), 'user_id__992': None, 'code__992': '41544a65696f0ba653053e81f479d636', 'date_insert__992': datetime.datetime(2023, 12, 7, 16, 51, 3), 'id__992': 62181405, 'date_update__993': datetime.datetime(2023, 12, 25, 16, 11, 6), 'user_id__993': None, 'code__993': '3cfe2852510d603d2d8b9b4a19e18485', 'date_insert__993': datetime.datetime(2023, 12, 7, 19, 15, 52), 'id__993': 62184475, 'date_update__994': datetime.datetime(2023, 12, 26, 21, 37, 59), 'user_id__994': None, 'code__994': '8afee6f23538c50d3714dc7a1f7bf5a8', 'date_insert__994': datetime.datetime(2023, 12, 7, 20, 33, 28), 'id__994': 62186284, 'date_update__995': datetime.datetime(2023, 12, 25, 17, 6, 39), 'user_id__995': 141275.0, 'code__995': 'd7f97d89aaa26f8d4ec5949e65b49aa9', 'date_insert__995': datetime.datetime(2023, 12, 7, 20, 38, 57), 'id__995': 62186395, 'date_update__996': datetime.datetime(2023, 12, 26, 3, 46, 20), 'user_id__996': None, 'code__996': '6dfa3d9530a07bf38c0e228324f9478d', 'date_insert__996': datetime.datetime(2023, 12, 7, 22, 4, 8), 'id__996': 62187466, 'date_update__997': datetime.datetime(2023, 12, 25, 0, 56, 49), 'user_id__997': None, 'code__997': '05ba19864cd4f0d7a5e55bf21a6357b9', 'date_insert__997': datetime.datetime(2023, 12, 7, 22, 13, 47), 'id__997': 62187572, 'date_update__998': datetime.datetime(2023, 12, 25, 16, 34, 50), 'user_id__998': None, 'code__998': 'c3fcdd92587617309a3e4eae25d58928', 'date_insert__998': datetime.datetime(2023, 12, 7, 22, 45, 3), 'id__998': 62188509, 'date_update__999': datetime.datetime(2023, 12, 25, 17, 45, 7), 'user_id__999': None, 'code__999': 'e2d96674fb8d2aa5f476d9f443bccf23', 'date_insert__999': datetime.datetime(2023, 12, 7, 22, 52), 'id__999': 62188619}]
(Background on this error at: https://sqlalche.me/e/20/gkpj)
Traceback (most recent call last):
  File "g:\py.projects\tb\data_collection\.venv\lib\site-packages\sqlalchemy\engine\base.py", line 2112, in _exec_insertmany_context
    dialect.do_execute(
  File "g:\py.projects\tb\data_collection\.venv\lib\site-packages\sqlalchemy\engine\default.py", line 922, in do_execute
    cursor.execute(statement, parameters)
psycopg2.errors.UniqueViolation: duplicate key value violates unique constraint "site_update_fuser_new_pkey"
DETAIL:  Key (id)=(7099) already exists.


The above exception was the direct cause of the following exception:

Traceback (most recent call last):
  File "g:\py.projects\tb\data_collection\site_dat\load_data_site.py", line 95, in dataSiteToBd
    df.to_sql(tableName, engine_pg, schema='public', if_exists='append', index=False)
  File "g:\py.projects\tb\data_collection\.venv\lib\site-packages\pandas\util\_decorators.py", line 333, in wrapper
    return func(*args, **kwargs)
  File "g:\py.projects\tb\data_collection\.venv\lib\site-packages\pandas\core\generic.py", line 3008, in to_sql
    return sql.to_sql(
  File "g:\py.projects\tb\data_collection\.venv\lib\site-packages\pandas\io\sql.py", line 788, in to_sql
    return pandas_sql.to_sql(
  File "g:\py.projects\tb\data_collection\.venv\lib\site-packages\pandas\io\sql.py", line 1958, in to_sql
    total_inserted = sql_engine.insert_records(
  File "g:\py.projects\tb\data_collection\.venv\lib\site-packages\pandas\io\sql.py", line 1507, in insert_records
    raise err
  File "g:\py.projects\tb\data_collection\.venv\lib\site-packages\pandas\io\sql.py", line 1498, in insert_records
    return table.insert(chunksize=chunksize, method=method)
  File "g:\py.projects\tb\data_collection\.venv\lib\site-packages\pandas\io\sql.py", line 1059, in insert
    num_inserted = exec_insert(conn, keys, chunk_iter)
  File "g:\py.projects\tb\data_collection\.venv\lib\site-packages\pandas\io\sql.py", line 951, in _execute_insert
    result = conn.execute(self.table.insert(), data)
  File "g:\py.projects\tb\data_collection\.venv\lib\site-packages\sqlalchemy\engine\base.py", line 1416, in execute
    return meth(
  File "g:\py.projects\tb\data_collection\.venv\lib\site-packages\sqlalchemy\sql\elements.py", line 516, in _execute_on_connection
    return connection._execute_clauseelement(
  File "g:\py.projects\tb\data_collection\.venv\lib\site-packages\sqlalchemy\engine\base.py", line 1639, in _execute_clauseelement
    ret = self._execute_context(
  File "g:\py.projects\tb\data_collection\.venv\lib\site-packages\sqlalchemy\engine\base.py", line 1843, in _execute_context
    return self._exec_insertmany_context(
  File "g:\py.projects\tb\data_collection\.venv\lib\site-packages\sqlalchemy\engine\base.py", line 2120, in _exec_insertmany_context
    self._handle_dbapi_exception(
  File "g:\py.projects\tb\data_collection\.venv\lib\site-packages\sqlalchemy\engine\base.py", line 2343, in _handle_dbapi_exception
    raise sqlalchemy_exception.with_traceback(exc_info[2]) from e
  File "g:\py.projects\tb\data_collection\.venv\lib\site-packages\sqlalchemy\engine\base.py", line 2112, in _exec_insertmany_context
    dialect.do_execute(
  File "g:\py.projects\tb\data_collection\.venv\lib\site-packages\sqlalchemy\engine\default.py", line 922, in do_execute
    cursor.execute(statement, parameters)
sqlalchemy.exc.IntegrityError: (psycopg2.errors.UniqueViolation) duplicate key value violates unique constraint "site_update_fuser_new_pkey"
DETAIL:  Key (id)=(7099) already exists.

[SQL: INSERT INTO public.site_update_fuser_new (id, date_insert, date_update, user_id, code) VALUES (%(id__0)s, %(date_insert__0)s, %(date_update__0)s, %(user_id__0)s, %(code__0)s), (%(id__1)s, %(date_insert__1)s, %(date_update__1)s, %(user_id__1)s, %(code ... 91192 characters truncated ... __998)s), (%(id__999)s, %(date_insert__999)s, %(date_update__999)s, %(user_id__999)s, %(code__999)s)]
[parameters: {'date_update__0': datetime.datetime(2023, 12, 25, 18, 16, 19), 'user_id__0': 8865.0, 'code__0': '7e66e49a7a44727a0b656cc67c2b24b1', 'date_insert__0': datetime.datetime(2015, 11, 27, 15, 22, 4), 'id__0': 7099, 'date_update__1': datetime.datetime(2023, 12, 26, 23, 24, 43), 'user_id__1': 8778.0, 'code__1': '482ed1661c6eed411ca1665cfb9c2a8c', 'date_insert__1': datetime.datetime(2015, 11, 27, 15, 40, 37), 'id__1': 7170, 'date_update__2': datetime.datetime(2023, 12, 25, 9, 54, 57), 'user_id__2': 9959.0, 'code__2': '2a48f5659d9df7706375b0995efa221c', 'date_insert__2': datetime.datetime(2015, 11, 27, 15, 51, 7), 'id__2': 7202, 'date_update__3': datetime.datetime(2023, 12, 26, 15, 13, 18), 'user_id__3': 8777.0, 'code__3': 'bcdd57e3254eca804fd5a186b24cc520', 'date_insert__3': datetime.datetime(2015, 11, 27, 16, 28, 47), 'id__3': 7635, 'date_update__4': datetime.datetime(2023, 12, 26, 23, 48, 8), 'user_id__4': 15613.0, 'code__4': '66cd6998d6e1b7c33c56e902e90f9798', 'date_insert__4': datetime.datetime(2015, 11, 27, 20, 20, 14), 'id__4': 9586, 'date_update__5': datetime.datetime(2023, 12, 26, 14, 47, 41), 'user_id__5': 11061.0, 'code__5': '03fd8ebee24d3e1018033c22641f4fc7', 'date_insert__5': datetime.datetime(2015, 11, 28, 5, 49, 13), 'id__5': 11000, 'date_update__6': datetime.datetime(2023, 12, 26, 15, 24, 24), 'user_id__6': 9390.0, 'code__6': 'd3b47bf5e4d1e79c01123da2a3a957f0', 'date_insert__6': datetime.datetime(2015, 11, 28, 8, 7, 12), 'id__6': 11408, 'date_update__7': datetime.datetime(2023, 12, 25, 13, 35, 12), 'user_id__7': 12236.0, 'code__7': '677496b94e5d800105df6ba2944f1a3c', 'date_insert__7': datetime.datetime(2015, 11, 28, 8, 17, 2), 'id__7': 11447, 'date_update__8': datetime.datetime(2023, 12, 26, 21, 56, 47), 'user_id__8': 18624.0, 'code__8': '15504b41508244b098b4bd1dca82db20', 'date_insert__8': datetime.datetime(2015, 11, 28, 8, 53, 53), 'id__8': 11542, 'date_update__9': datetime.datetime(2023, 12, 25, 23, 41, 19), 'user_id__9': 11838.0, 'code__9': '7dc4a146ddc3bf6398e990a3506b9c4a', 'date_insert__9': datetime.datetime(2015, 11, 28, 8, 55, 32), 'id__9': 11544 ... 4900 parameters truncated ... 'date_update__990': datetime.datetime(2023, 12, 25, 19, 23, 38), 'user_id__990': None, 'code__990': '41bce72d3e15932becfc675e16c02781', 'date_insert__990': datetime.datetime(2023, 12, 7, 14, 57, 40), 'id__990': 62180058, 'date_update__991': datetime.datetime(2023, 12, 26, 17, 49, 28), 'user_id__991': None, 'code__991': '44c4cc5e8953746bf012f692818718f2', 'date_insert__991': datetime.datetime(2023, 12, 7, 15, 31, 32), 'id__991': 62180401, 'date_update__992': datetime.datetime(2023, 12, 26, 18, 52, 47), 'user_id__992': None, 'code__992': '41544a65696f0ba653053e81f479d636', 'date_insert__992': datetime.datetime(2023, 12, 7, 16, 51, 3), 'id__992': 62181405, 'date_update__993': datetime.datetime(2023, 12, 25, 16, 11, 6), 'user_id__993': None, 'code__993': '3cfe2852510d603d2d8b9b4a19e18485', 'date_insert__993': datetime.datetime(2023, 12, 7, 19, 15, 52), 'id__993': 62184475, 'date_update__994': datetime.datetime(2023, 12, 26, 21, 37, 59), 'user_id__994': None, 'code__994': '8afee6f23538c50d3714dc7a1f7bf5a8', 'date_insert__994': datetime.datetime(2023, 12, 7, 20, 33, 28), 'id__994': 62186284, 'date_update__995': datetime.datetime(2023, 12, 25, 17, 6, 39), 'user_id__995': 141275.0, 'code__995': 'd7f97d89aaa26f8d4ec5949e65b49aa9', 'date_insert__995': datetime.datetime(2023, 12, 7, 20, 38, 57), 'id__995': 62186395, 'date_update__996': datetime.datetime(2023, 12, 26, 3, 46, 20), 'user_id__996': None, 'code__996': '6dfa3d9530a07bf38c0e228324f9478d', 'date_insert__996': datetime.datetime(2023, 12, 7, 22, 4, 8), 'id__996': 62187466, 'date_update__997': datetime.datetime(2023, 12, 25, 0, 56, 49), 'user_id__997': None, 'code__997': '05ba19864cd4f0d7a5e55bf21a6357b9', 'date_insert__997': datetime.datetime(2023, 12, 7, 22, 13, 47), 'id__997': 62187572, 'date_update__998': datetime.datetime(2023, 12, 25, 16, 34, 50), 'user_id__998': None, 'code__998': 'c3fcdd92587617309a3e4eae25d58928', 'date_insert__998': datetime.datetime(2023, 12, 7, 22, 45, 3), 'id__998': 62188509, 'date_update__999': datetime.datetime(2023, 12, 25, 17, 45, 7), 'user_id__999': None, 'code__999': 'e2d96674fb8d2aa5f476d9f443bccf23', 'date_insert__999': datetime.datetime(2023, 12, 7, 22, 52), 'id__999': 62188619}]
(Background on this error at: https://sqlalche.me/e/20/gkpj)
root 2023-12-27 10:36:19,933 INFO siteInsertBasket(). Podkluchenie k base site i otptavka zaprosa.
paramiko.transport 2023-12-27 10:36:19,959 INFO Connected (version 2.0, client OpenSSH_7.4)
paramiko.transport 2023-12-27 10:36:20,324 INFO Authentication (password) successful!
root 2023-12-27 10:36:23,751 INFO siteInsertBasket(). Uspeshnoe poluchenie dannih.
root 2023-12-27 10:36:23,755 INFO site.dataSiteToBd(). Zapis dataframe v tablitsu site_insert_basket_new.
root 2023-12-27 10:36:24,125 INFO site.dataSiteToBd(). Dataframe uspeshno zapisan v tablitsu - site_insert_basket_new.
root 2023-12-27 10:36:24,154 INFO siteUpdateBasket(). Podkluchenie k base site i otptavka zaprosa.
paramiko.transport 2023-12-27 10:36:24,188 INFO Connected (version 2.0, client OpenSSH_7.4)
paramiko.transport 2023-12-27 10:36:24,650 INFO Authentication (password) successful!
root 2023-12-27 10:36:27,985 INFO siteUpdateBasket(). Uspeshnoe poluchenie dannih.
root 2023-12-27 10:36:27,996 INFO site.dataSiteToBd(). Zapis dataframe v tablitsu site_update_basket_new.
root 2023-12-27 10:36:28,867 INFO site.dataSiteToBd(). Dataframe uspeshno zapisan v tablitsu - site_update_basket_new.
root 2023-12-27 10:36:28,892 INFO siteGuest(). Podkluchenie k base site i otptavka zaprosa.
paramiko.transport 2023-12-27 10:36:28,917 INFO Connected (version 2.0, client OpenSSH_7.4)
paramiko.transport 2023-12-27 10:36:29,282 INFO Authentication (password) successful!
root 2023-12-27 10:36:38,428 INFO siteGuest(). Uspeshnoe poluchenie dannih.
root 2023-12-27 10:36:38,446 INFO site.dataSiteToBd(). Zapis dataframe v tablitsu site_guest_new.
root 2023-12-27 10:36:39,578 INFO site.dataSiteToBd(). Dataframe uspeshno zapisan v tablitsu - site_guest_new.
root 2023-12-27 10:36:39,634 INFO siteSession(). Podkluchenie k base site i otptavka zaprosa.
paramiko.transport 2023-12-27 10:36:39,661 INFO Connected (version 2.0, client OpenSSH_7.4)
paramiko.transport 2023-12-27 10:36:40,084 INFO Authentication (password) successful!
root 2023-12-27 10:36:58,802 INFO siteSession(). Uspeshnoe poluchenie dannih.
root 2023-12-27 10:36:58,867 INFO site.dataSiteToBd(). Zapis dataframe v tablitsu site_session_new.
root 2023-12-27 10:37:03,085 INFO site.dataSiteToBd(). Dataframe uspeshno zapisan v tablitsu - site_session_new.
root 2023-12-27 10:37:03,110 INFO siteOrderPropsValue(). Podkluchenie k base site i otptavka zaprosa.
paramiko.transport 2023-12-27 10:37:03,133 INFO Connected (version 2.0, client OpenSSH_7.4)
paramiko.transport 2023-12-27 10:37:03,576 INFO Authentication (password) successful!
root 2023-12-27 10:37:08,938 INFO siteOrderPropsValue(). Uspeshnoe poluchenie dannih.
root 2023-12-27 10:37:08,950 INFO site.dataSiteToBd(). Zapis dataframe v tablitsu site_order_props_value_new.
root 2023-12-27 10:37:09,100 INFO site.dataSiteToBd(). Dataframe uspeshno zapisan v tablitsu - site_order_props_value_new.
root 2023-12-27 10:37:09,126 INFO siteTransact(). Podkluchenie k base site i otptavka zaprosa.
paramiko.transport 2023-12-27 10:37:09,154 INFO Connected (version 2.0, client OpenSSH_7.4)
paramiko.transport 2023-12-27 10:37:09,524 INFO Authentication (password) successful!
root 2023-12-27 10:37:10,182 INFO siteTransact(). Uspeshnoe poluchenie dannih.
root 2023-12-27 10:37:10,184 INFO site.dataSiteToBd(). Zapis dataframe v tablitsu site_user_transact_new.
root 2023-12-27 10:37:10,256 INFO site.dataSiteToBd(). Dataframe uspeshno zapisan v tablitsu - site_user_transact_new.
root 2023-12-27 10:46:00,985 INFO Otpravka soobsheniya v telegram.
root 2023-12-27 10:46:01,369 INFO Soobshenie v telegram otpravleno.
root 2023-12-27 10:48:01,374 INFO siteUpdateFuser(). Podkluchenie k base site i otptavka zaprosa.
paramiko.transport 2023-12-27 10:48:01,404 INFO Connected (version 2.0, client OpenSSH_7.4)
paramiko.transport 2023-12-27 10:48:01,765 INFO Authentication (password) successful!
root 2023-12-27 10:48:03,504 INFO siteUpdateFuser(). Uspeshnoe poluchenie dannih.
root 2023-12-27 10:48:03,509 INFO site.dataSiteToBd(). Zapis dataframe v tablitsu site_update_fuser_new.
root 2023-12-27 10:48:03,866 ERROR site.dataSiteToBd(). Oshibka zapisi dannih v tab site_update_fuser_new - (psycopg2.errors.UniqueViolation) duplicate key value violates unique constraint "site_update_fuser_new_pkey"
DETAIL:  Key (id)=(7099) already exists.

[SQL: INSERT INTO public.site_update_fuser_new (id, date_insert, date_update, user_id, code) VALUES (%(id__0)s, %(date_insert__0)s, %(date_update__0)s, %(user_id__0)s, %(code__0)s), (%(id__1)s, %(date_insert__1)s, %(date_update__1)s, %(user_id__1)s, %(code ... 91192 characters truncated ... __998)s), (%(id__999)s, %(date_insert__999)s, %(date_update__999)s, %(user_id__999)s, %(code__999)s)]
[parameters: {'date_update__0': datetime.datetime(2023, 12, 25, 18, 16, 19), 'user_id__0': 8865.0, 'code__0': '7e66e49a7a44727a0b656cc67c2b24b1', 'date_insert__0': datetime.datetime(2015, 11, 27, 15, 22, 4), 'id__0': 7099, 'date_update__1': datetime.datetime(2023, 12, 26, 23, 24, 43), 'user_id__1': 8778.0, 'code__1': '482ed1661c6eed411ca1665cfb9c2a8c', 'date_insert__1': datetime.datetime(2015, 11, 27, 15, 40, 37), 'id__1': 7170, 'date_update__2': datetime.datetime(2023, 12, 25, 9, 54, 57), 'user_id__2': 9959.0, 'code__2': '2a48f5659d9df7706375b0995efa221c', 'date_insert__2': datetime.datetime(2015, 11, 27, 15, 51, 7), 'id__2': 7202, 'date_update__3': datetime.datetime(2023, 12, 26, 15, 13, 18), 'user_id__3': 8777.0, 'code__3': 'bcdd57e3254eca804fd5a186b24cc520', 'date_insert__3': datetime.datetime(2015, 11, 27, 16, 28, 47), 'id__3': 7635, 'date_update__4': datetime.datetime(2023, 12, 26, 23, 48, 8), 'user_id__4': 15613.0, 'code__4': '66cd6998d6e1b7c33c56e902e90f9798', 'date_insert__4': datetime.datetime(2015, 11, 27, 20, 20, 14), 'id__4': 9586, 'date_update__5': datetime.datetime(2023, 12, 26, 14, 47, 41), 'user_id__5': 11061.0, 'code__5': '03fd8ebee24d3e1018033c22641f4fc7', 'date_insert__5': datetime.datetime(2015, 11, 28, 5, 49, 13), 'id__5': 11000, 'date_update__6': datetime.datetime(2023, 12, 26, 15, 24, 24), 'user_id__6': 9390.0, 'code__6': 'd3b47bf5e4d1e79c01123da2a3a957f0', 'date_insert__6': datetime.datetime(2015, 11, 28, 8, 7, 12), 'id__6': 11408, 'date_update__7': datetime.datetime(2023, 12, 25, 13, 35, 12), 'user_id__7': 12236.0, 'code__7': '677496b94e5d800105df6ba2944f1a3c', 'date_insert__7': datetime.datetime(2015, 11, 28, 8, 17, 2), 'id__7': 11447, 'date_update__8': datetime.datetime(2023, 12, 26, 21, 56, 47), 'user_id__8': 18624.0, 'code__8': '15504b41508244b098b4bd1dca82db20', 'date_insert__8': datetime.datetime(2015, 11, 28, 8, 53, 53), 'id__8': 11542, 'date_update__9': datetime.datetime(2023, 12, 25, 23, 41, 19), 'user_id__9': 11838.0, 'code__9': '7dc4a146ddc3bf6398e990a3506b9c4a', 'date_insert__9': datetime.datetime(2015, 11, 28, 8, 55, 32), 'id__9': 11544 ... 4900 parameters truncated ... 'date_update__990': datetime.datetime(2023, 12, 25, 16, 11, 6), 'user_id__990': None, 'code__990': '3cfe2852510d603d2d8b9b4a19e18485', 'date_insert__990': datetime.datetime(2023, 12, 7, 19, 15, 52), 'id__990': 62184475, 'date_update__991': datetime.datetime(2023, 12, 26, 21, 37, 59), 'user_id__991': None, 'code__991': '8afee6f23538c50d3714dc7a1f7bf5a8', 'date_insert__991': datetime.datetime(2023, 12, 7, 20, 33, 28), 'id__991': 62186284, 'date_update__992': datetime.datetime(2023, 12, 25, 17, 6, 39), 'user_id__992': 141275.0, 'code__992': 'd7f97d89aaa26f8d4ec5949e65b49aa9', 'date_insert__992': datetime.datetime(2023, 12, 7, 20, 38, 57), 'id__992': 62186395, 'date_update__993': datetime.datetime(2023, 12, 26, 3, 46, 20), 'user_id__993': None, 'code__993': '6dfa3d9530a07bf38c0e228324f9478d', 'date_insert__993': datetime.datetime(2023, 12, 7, 22, 4, 8), 'id__993': 62187466, 'date_update__994': datetime.datetime(2023, 12, 25, 0, 56, 49), 'user_id__994': None, 'code__994': '05ba19864cd4f0d7a5e55bf21a6357b9', 'date_insert__994': datetime.datetime(2023, 12, 7, 22, 13, 47), 'id__994': 62187572, 'date_update__995': datetime.datetime(2023, 12, 25, 16, 34, 50), 'user_id__995': None, 'code__995': 'c3fcdd92587617309a3e4eae25d58928', 'date_insert__995': datetime.datetime(2023, 12, 7, 22, 45, 3), 'id__995': 62188509, 'date_update__996': datetime.datetime(2023, 12, 25, 17, 45, 7), 'user_id__996': None, 'code__996': 'e2d96674fb8d2aa5f476d9f443bccf23', 'date_insert__996': datetime.datetime(2023, 12, 7, 22, 52), 'id__996': 62188619, 'date_update__997': datetime.datetime(2023, 12, 25, 18, 20, 10), 'user_id__997': None, 'code__997': 'ddb80899f671a66e9f21664558c2f448', 'date_insert__997': datetime.datetime(2023, 12, 7, 23, 5, 28), 'id__997': 62188809, 'date_update__998': datetime.datetime(2023, 12, 25, 16, 30, 50), 'user_id__998': None, 'code__998': '7a0c8b1e23900b66a907a3d402752def', 'date_insert__998': datetime.datetime(2023, 12, 8, 8, 46, 26), 'id__998': 62194721, 'date_update__999': datetime.datetime(2023, 12, 25, 20, 8, 24), 'user_id__999': None, 'code__999': 'f9ce454d2effb1c917f1966603d61e3d', 'date_insert__999': datetime.datetime(2023, 12, 8, 10, 52, 49), 'id__999': 62196114}]
(Background on this error at: https://sqlalche.me/e/20/gkpj)
Traceback (most recent call last):
  File "g:\py.projects\tb\data_collection\.venv\lib\site-packages\sqlalchemy\engine\base.py", line 2112, in _exec_insertmany_context
    dialect.do_execute(
  File "g:\py.projects\tb\data_collection\.venv\lib\site-packages\sqlalchemy\engine\default.py", line 922, in do_execute
    cursor.execute(statement, parameters)
psycopg2.errors.UniqueViolation: duplicate key value violates unique constraint "site_update_fuser_new_pkey"
DETAIL:  Key (id)=(7099) already exists.


The above exception was the direct cause of the following exception:

Traceback (most recent call last):
  File "g:\py.projects\tb\data_collection\site_dat\load_data_site.py", line 95, in dataSiteToBd
    df.to_sql(tableName, engine_pg, schema='public', if_exists='append', index=False)
  File "g:\py.projects\tb\data_collection\.venv\lib\site-packages\pandas\util\_decorators.py", line 333, in wrapper
    return func(*args, **kwargs)
  File "g:\py.projects\tb\data_collection\.venv\lib\site-packages\pandas\core\generic.py", line 3008, in to_sql
    return sql.to_sql(
  File "g:\py.projects\tb\data_collection\.venv\lib\site-packages\pandas\io\sql.py", line 788, in to_sql
    return pandas_sql.to_sql(
  File "g:\py.projects\tb\data_collection\.venv\lib\site-packages\pandas\io\sql.py", line 1958, in to_sql
    total_inserted = sql_engine.insert_records(
  File "g:\py.projects\tb\data_collection\.venv\lib\site-packages\pandas\io\sql.py", line 1507, in insert_records
    raise err
  File "g:\py.projects\tb\data_collection\.venv\lib\site-packages\pandas\io\sql.py", line 1498, in insert_records
    return table.insert(chunksize=chunksize, method=method)
  File "g:\py.projects\tb\data_collection\.venv\lib\site-packages\pandas\io\sql.py", line 1059, in insert
    num_inserted = exec_insert(conn, keys, chunk_iter)
  File "g:\py.projects\tb\data_collection\.venv\lib\site-packages\pandas\io\sql.py", line 951, in _execute_insert
    result = conn.execute(self.table.insert(), data)
  File "g:\py.projects\tb\data_collection\.venv\lib\site-packages\sqlalchemy\engine\base.py", line 1416, in execute
    return meth(
  File "g:\py.projects\tb\data_collection\.venv\lib\site-packages\sqlalchemy\sql\elements.py", line 516, in _execute_on_connection
    return connection._execute_clauseelement(
  File "g:\py.projects\tb\data_collection\.venv\lib\site-packages\sqlalchemy\engine\base.py", line 1639, in _execute_clauseelement
    ret = self._execute_context(
  File "g:\py.projects\tb\data_collection\.venv\lib\site-packages\sqlalchemy\engine\base.py", line 1843, in _execute_context
    return self._exec_insertmany_context(
  File "g:\py.projects\tb\data_collection\.venv\lib\site-packages\sqlalchemy\engine\base.py", line 2120, in _exec_insertmany_context
    self._handle_dbapi_exception(
  File "g:\py.projects\tb\data_collection\.venv\lib\site-packages\sqlalchemy\engine\base.py", line 2343, in _handle_dbapi_exception
    raise sqlalchemy_exception.with_traceback(exc_info[2]) from e
  File "g:\py.projects\tb\data_collection\.venv\lib\site-packages\sqlalchemy\engine\base.py", line 2112, in _exec_insertmany_context
    dialect.do_execute(
  File "g:\py.projects\tb\data_collection\.venv\lib\site-packages\sqlalchemy\engine\default.py", line 922, in do_execute
    cursor.execute(statement, parameters)
sqlalchemy.exc.IntegrityError: (psycopg2.errors.UniqueViolation) duplicate key value violates unique constraint "site_update_fuser_new_pkey"
DETAIL:  Key (id)=(7099) already exists.

[SQL: INSERT INTO public.site_update_fuser_new (id, date_insert, date_update, user_id, code) VALUES (%(id__0)s, %(date_insert__0)s, %(date_update__0)s, %(user_id__0)s, %(code__0)s), (%(id__1)s, %(date_insert__1)s, %(date_update__1)s, %(user_id__1)s, %(code ... 91192 characters truncated ... __998)s), (%(id__999)s, %(date_insert__999)s, %(date_update__999)s, %(user_id__999)s, %(code__999)s)]
[parameters: {'date_update__0': datetime.datetime(2023, 12, 25, 18, 16, 19), 'user_id__0': 8865.0, 'code__0': '7e66e49a7a44727a0b656cc67c2b24b1', 'date_insert__0': datetime.datetime(2015, 11, 27, 15, 22, 4), 'id__0': 7099, 'date_update__1': datetime.datetime(2023, 12, 26, 23, 24, 43), 'user_id__1': 8778.0, 'code__1': '482ed1661c6eed411ca1665cfb9c2a8c', 'date_insert__1': datetime.datetime(2015, 11, 27, 15, 40, 37), 'id__1': 7170, 'date_update__2': datetime.datetime(2023, 12, 25, 9, 54, 57), 'user_id__2': 9959.0, 'code__2': '2a48f5659d9df7706375b0995efa221c', 'date_insert__2': datetime.datetime(2015, 11, 27, 15, 51, 7), 'id__2': 7202, 'date_update__3': datetime.datetime(2023, 12, 26, 15, 13, 18), 'user_id__3': 8777.0, 'code__3': 'bcdd57e3254eca804fd5a186b24cc520', 'date_insert__3': datetime.datetime(2015, 11, 27, 16, 28, 47), 'id__3': 7635, 'date_update__4': datetime.datetime(2023, 12, 26, 23, 48, 8), 'user_id__4': 15613.0, 'code__4': '66cd6998d6e1b7c33c56e902e90f9798', 'date_insert__4': datetime.datetime(2015, 11, 27, 20, 20, 14), 'id__4': 9586, 'date_update__5': datetime.datetime(2023, 12, 26, 14, 47, 41), 'user_id__5': 11061.0, 'code__5': '03fd8ebee24d3e1018033c22641f4fc7', 'date_insert__5': datetime.datetime(2015, 11, 28, 5, 49, 13), 'id__5': 11000, 'date_update__6': datetime.datetime(2023, 12, 26, 15, 24, 24), 'user_id__6': 9390.0, 'code__6': 'd3b47bf5e4d1e79c01123da2a3a957f0', 'date_insert__6': datetime.datetime(2015, 11, 28, 8, 7, 12), 'id__6': 11408, 'date_update__7': datetime.datetime(2023, 12, 25, 13, 35, 12), 'user_id__7': 12236.0, 'code__7': '677496b94e5d800105df6ba2944f1a3c', 'date_insert__7': datetime.datetime(2015, 11, 28, 8, 17, 2), 'id__7': 11447, 'date_update__8': datetime.datetime(2023, 12, 26, 21, 56, 47), 'user_id__8': 18624.0, 'code__8': '15504b41508244b098b4bd1dca82db20', 'date_insert__8': datetime.datetime(2015, 11, 28, 8, 53, 53), 'id__8': 11542, 'date_update__9': datetime.datetime(2023, 12, 25, 23, 41, 19), 'user_id__9': 11838.0, 'code__9': '7dc4a146ddc3bf6398e990a3506b9c4a', 'date_insert__9': datetime.datetime(2015, 11, 28, 8, 55, 32), 'id__9': 11544 ... 4900 parameters truncated ... 'date_update__990': datetime.datetime(2023, 12, 25, 16, 11, 6), 'user_id__990': None, 'code__990': '3cfe2852510d603d2d8b9b4a19e18485', 'date_insert__990': datetime.datetime(2023, 12, 7, 19, 15, 52), 'id__990': 62184475, 'date_update__991': datetime.datetime(2023, 12, 26, 21, 37, 59), 'user_id__991': None, 'code__991': '8afee6f23538c50d3714dc7a1f7bf5a8', 'date_insert__991': datetime.datetime(2023, 12, 7, 20, 33, 28), 'id__991': 62186284, 'date_update__992': datetime.datetime(2023, 12, 25, 17, 6, 39), 'user_id__992': 141275.0, 'code__992': 'd7f97d89aaa26f8d4ec5949e65b49aa9', 'date_insert__992': datetime.datetime(2023, 12, 7, 20, 38, 57), 'id__992': 62186395, 'date_update__993': datetime.datetime(2023, 12, 26, 3, 46, 20), 'user_id__993': None, 'code__993': '6dfa3d9530a07bf38c0e228324f9478d', 'date_insert__993': datetime.datetime(2023, 12, 7, 22, 4, 8), 'id__993': 62187466, 'date_update__994': datetime.datetime(2023, 12, 25, 0, 56, 49), 'user_id__994': None, 'code__994': '05ba19864cd4f0d7a5e55bf21a6357b9', 'date_insert__994': datetime.datetime(2023, 12, 7, 22, 13, 47), 'id__994': 62187572, 'date_update__995': datetime.datetime(2023, 12, 25, 16, 34, 50), 'user_id__995': None, 'code__995': 'c3fcdd92587617309a3e4eae25d58928', 'date_insert__995': datetime.datetime(2023, 12, 7, 22, 45, 3), 'id__995': 62188509, 'date_update__996': datetime.datetime(2023, 12, 25, 17, 45, 7), 'user_id__996': None, 'code__996': 'e2d96674fb8d2aa5f476d9f443bccf23', 'date_insert__996': datetime.datetime(2023, 12, 7, 22, 52), 'id__996': 62188619, 'date_update__997': datetime.datetime(2023, 12, 25, 18, 20, 10), 'user_id__997': None, 'code__997': 'ddb80899f671a66e9f21664558c2f448', 'date_insert__997': datetime.datetime(2023, 12, 7, 23, 5, 28), 'id__997': 62188809, 'date_update__998': datetime.datetime(2023, 12, 25, 16, 30, 50), 'user_id__998': None, 'code__998': '7a0c8b1e23900b66a907a3d402752def', 'date_insert__998': datetime.datetime(2023, 12, 8, 8, 46, 26), 'id__998': 62194721, 'date_update__999': datetime.datetime(2023, 12, 25, 20, 8, 24), 'user_id__999': None, 'code__999': 'f9ce454d2effb1c917f1966603d61e3d', 'date_insert__999': datetime.datetime(2023, 12, 8, 10, 52, 49), 'id__999': 62196114}]
(Background on this error at: https://sqlalche.me/e/20/gkpj)
