root 2024-01-03 04:30:11,407 INFO Step_1_hits. Creating a log.
root 2024-01-03 04:30:12,308 INFO Code status 200
NoneType: None
root 2024-01-03 04:30:12,309 INFO Step_1_hits. Successful log request.
root 2024-01-03 04:30:12,309 INFO Step_1_hits. Request number 33263868.
root 2024-01-03 04:30:12,310 INFO Step_1_hits. Request status created.
root 2024-01-03 04:30:12,310 INFO Step_2_hits. Log processing status.
root 2024-01-03 04:30:12,571 INFO Step_2_hits. Loading data. Code 200.
root 2024-01-03 04:31:15,953 INFO Step_2_hits. Number of parts - 1.
root 2024-01-03 04:31:15,953 INFO Step_2_hits. Request status processed.
root 2024-01-03 04:31:15,955 INFO Step_3_hits. Loading the log.
root 2024-01-03 04:31:16,927 INFO Step_3_hits. Loading a log from one part.
root 2024-01-03 04:31:16,927 INFO Step_4_hits. Deleting a log.
root 2024-01-03 04:31:17,200 INFO Step_4_hits. Successful log deletion # 33263868.
root 2024-01-03 04:31:17,200 INFO Step_4_hits. Deleting variables.
root 2024-01-03 04:31:17,205 INFO Start clearing data HITS.
root 2024-01-03 04:31:17,205 INFO Reading data HITS and writing to a dataframe.
root 2024-01-03 04:31:17,455 INFO Renaming columns HITS.
root 2024-01-03 04:31:17,487 INFO Clearing data HITS.
root 2024-01-03 04:31:17,568 INFO Start zagruzka v bazu logs api HITS.
root 2024-01-03 04:31:17,642 INFO Start zagruzka dannih - ym_hits_stranitsi_new.
root 2024-01-03 04:31:18,833 INFO End zagruzka dannih - ym_hits_stranitsi_new.
root 2024-01-03 04:31:18,834 INFO Start zagruzka dannih - ym_hits_obshee_new.
root 2024-01-03 04:31:20,596 INFO End zagruzka dannih - ym_hits_obshee_new.
root 2024-01-03 04:31:20,596 INFO Start zagruzka dannih - ym_hits_deystviya_new.
root 2024-01-03 04:31:21,577 INFO End zagruzka dannih - ym_hits_deystviya_new.
root 2024-01-03 04:31:21,577 INFO Start zagruzka dannih - ym_hits_ad_new.
root 2024-01-03 04:31:22,556 INFO End zagruzka dannih - ym_hits_ad_new.
root 2024-01-03 04:31:22,564 INFO Step_1_visit. Creating a log.
root 2024-01-03 04:31:22,822 INFO Code status 200
NoneType: None
root 2024-01-03 04:31:22,822 INFO Step_1_visit. Successful log request.
root 2024-01-03 04:31:22,823 INFO Step_1_visit. Request number 33263881.
root 2024-01-03 04:31:22,823 INFO Step_1_visit. Request status created.
root 2024-01-03 04:31:22,823 INFO Step_2_visit. Log processing status.
root 2024-01-03 04:31:23,074 INFO Step_2_visit. Loading data. Code 200.
root 2024-01-03 04:33:19,357 INFO Step_2_visit. Number of parts - 0.
root 2024-01-03 04:33:19,357 INFO Step_2_visit. Request status processed.
root 2024-01-03 04:33:19,358 INFO Step_3_visit. Loading the log.
root 2024-01-03 04:33:19,953 INFO Step_3_visit. Loading a log from one part.
root 2024-01-03 04:33:19,953 INFO Step_3_visit. Loading 0 parts of the log.
root 2024-01-03 04:33:19,953 INFO Step_4_visit. Deleting a log.
root 2024-01-03 04:33:20,241 INFO Step_4_visit. Successful log deletion # 33263881.
root 2024-01-03 04:33:20,242 INFO Step_4_visit. Deleting variables.
root 2024-01-03 04:33:20,245 INFO Start clearing data VISITS.
root 2024-01-03 04:33:20,246 INFO Reading data VISITS and writing to a dataframe.
root 2024-01-03 04:33:20,330 INFO Renaming columns VISITS.
root 2024-01-03 04:33:20,336 INFO Clearing data VISITS.
root 2024-01-03 04:33:20,659 INFO Start zagruzka v bazu logs api VISITS.
root 2024-01-03 04:33:20,701 INFO Start zagruzka dannih - ym_visits_obshee_new.
root 2024-01-03 04:33:21,088 INFO End zagruzka dannih - ym_visits_obshee_new.
root 2024-01-03 04:33:21,088 INFO Start zagruzka dannih - # ym_visits_detali_new.
root 2024-01-03 04:33:21,320 INFO End zagruzka dannih - ym_visits_detali_new.
root 2024-01-03 04:33:21,320 INFO siteLocationCountry(). Podkluchenie k base site i otptavka zaprosa.
paramiko.transport 2024-01-03 04:33:21,386 INFO Connected (version 2.0, client OpenSSH_7.4)
paramiko.transport 2024-01-03 04:33:22,024 INFO Authentication (password) successful!
root 2024-01-03 04:33:22,416 INFO siteLocationCountry(). Uspeshnoe poluchenie dannih.
root 2024-01-03 04:33:22,654 INFO siteLocationCity(). Podkluchenie k base site i otptavka zaprosa.
paramiko.transport 2024-01-03 04:33:22,679 INFO Connected (version 2.0, client OpenSSH_7.4)
paramiko.transport 2024-01-03 04:33:23,180 INFO Authentication (password) successful!
root 2024-01-03 04:33:23,733 INFO siteLocationCity(). Uspeshnoe poluchenie dannih.
root 2024-01-03 04:33:23,770 INFO siteStatus(). Podkluchenie k base site i otptavka zaprosa.
paramiko.transport 2024-01-03 04:33:23,801 INFO Connected (version 2.0, client OpenSSH_7.4)
paramiko.transport 2024-01-03 04:33:24,265 INFO Authentication (password) successful!
root 2024-01-03 04:33:24,814 INFO siteStatus(). Uspeshnoe poluchenie dannih.
root 2024-01-03 04:33:24,874 INFO siteUsers(). Podkluchenie k base site i otptavka zaprosa.
paramiko.transport 2024-01-03 04:33:24,896 INFO Connected (version 2.0, client OpenSSH_7.4)
paramiko.transport 2024-01-03 04:33:25,298 INFO Authentication (password) successful!
root 2024-01-03 04:33:26,204 INFO siteUsers(). Uspeshnoe poluchenie dannih.
root 2024-01-03 04:33:26,218 INFO site.dataSiteToBd(). Zapis dataframe v tablitsu site_user_new.
root 2024-01-03 04:33:26,335 INFO site.dataSiteToBd(). Dataframe uspeshno zapisan v tablitsu - site_user_new.
root 2024-01-03 04:33:26,339 INFO siteInsertOrders(). Podkluchenie k base site i otptavka zaprosa.
paramiko.transport 2024-01-03 04:33:26,358 INFO Connected (version 2.0, client OpenSSH_7.4)
paramiko.transport 2024-01-03 04:33:26,831 INFO Authentication (password) successful!
root 2024-01-03 04:33:30,462 INFO siteInsertOrders(). Uspeshnoe poluchenie dannih.
root 2024-01-03 04:33:30,468 INFO site.dataSiteToBd(). Zapis dataframe v tablitsu site_insert_order_new.
root 2024-01-03 04:33:30,700 INFO site.dataSiteToBd(). Dataframe uspeshno zapisan v tablitsu - site_insert_order_new.
root 2024-01-03 04:33:30,703 INFO siteUpdateOrders(). Podkluchenie k base site i otptavka zaprosa.
paramiko.transport 2024-01-03 04:33:30,743 INFO Connected (version 2.0, client OpenSSH_7.4)
paramiko.transport 2024-01-03 04:33:31,236 INFO Authentication (password) successful!
root 2024-01-03 04:33:34,744 INFO siteUpdateOrders(). Uspeshnoe poluchenie dannih.
root 2024-01-03 04:33:34,748 INFO site.dataSiteToBd(). Zapis dataframe v tablitsu site_update_order_new.
root 2024-01-03 04:33:34,856 INFO site.dataSiteToBd(). Dataframe uspeshno zapisan v tablitsu - site_update_order_new.
root 2024-01-03 04:33:34,876 INFO siteInsertFuser(). Podkluchenie k base site i otptavka zaprosa.
paramiko.transport 2024-01-03 04:33:34,914 INFO Connected (version 2.0, client OpenSSH_7.4)
paramiko.transport 2024-01-03 04:33:35,344 INFO Authentication (password) successful!
root 2024-01-03 04:33:36,141 INFO siteInsertFuser(). Uspeshnoe poluchenie dannih.
root 2024-01-03 04:33:36,144 INFO site.dataSiteToBd(). Zapis dataframe v tablitsu site_insert_fuser_new.
root 2024-01-03 04:33:37,107 INFO site.dataSiteToBd(). Dataframe uspeshno zapisan v tablitsu - site_insert_fuser_new.
root 2024-01-03 04:33:37,149 INFO siteUpdateFuser(). Podkluchenie k base site i otptavka zaprosa.
paramiko.transport 2024-01-03 04:33:37,175 INFO Connected (version 2.0, client OpenSSH_7.4)
paramiko.transport 2024-01-03 04:33:37,628 INFO Authentication (password) successful!
root 2024-01-03 04:33:38,454 INFO siteUpdateFuser(). Uspeshnoe poluchenie dannih.
root 2024-01-03 04:33:38,461 INFO site.dataSiteToBd(). Zapis dataframe v tablitsu site_update_fuser_new.
root 2024-01-03 04:33:38,945 INFO site.dataSiteToBd(). Dataframe uspeshno zapisan v tablitsu - site_update_fuser_new.
root 2024-01-03 04:33:38,954 INFO siteInsertBasket(). Podkluchenie k base site i otptavka zaprosa.
paramiko.transport 2024-01-03 04:33:38,980 INFO Connected (version 2.0, client OpenSSH_7.4)
paramiko.transport 2024-01-03 04:33:39,379 INFO Authentication (password) successful!
root 2024-01-03 04:33:42,566 INFO siteInsertBasket(). Uspeshnoe poluchenie dannih.
root 2024-01-03 04:33:42,571 INFO site.dataSiteToBd(). Zapis dataframe v tablitsu site_insert_basket_new.
root 2024-01-03 04:33:42,846 INFO site.dataSiteToBd(). Dataframe uspeshno zapisan v tablitsu - site_insert_basket_new.
root 2024-01-03 04:33:42,851 INFO siteUpdateBasket(). Podkluchenie k base site i otptavka zaprosa.
paramiko.transport 2024-01-03 04:33:42,880 INFO Connected (version 2.0, client OpenSSH_7.4)
paramiko.transport 2024-01-03 04:33:43,322 INFO Authentication (password) successful!
root 2024-01-03 04:33:46,624 INFO siteUpdateBasket(). Uspeshnoe poluchenie dannih.
root 2024-01-03 04:33:46,630 INFO site.dataSiteToBd(). Zapis dataframe v tablitsu site_update_basket_new.
root 2024-01-03 04:33:47,020 INFO site.dataSiteToBd(). Dataframe uspeshno zapisan v tablitsu - site_update_basket_new.
root 2024-01-03 04:33:47,040 INFO siteGuest(). Podkluchenie k base site i otptavka zaprosa.
paramiko.transport 2024-01-03 04:33:47,070 INFO Connected (version 2.0, client OpenSSH_7.4)
paramiko.transport 2024-01-03 04:33:47,405 INFO Authentication (password) successful!
root 2024-01-03 04:34:03,361 INFO siteGuest(). Uspeshnoe poluchenie dannih.
root 2024-01-03 04:34:03,376 INFO site.dataSiteToBd(). Zapis dataframe v tablitsu site_guest_new.
root 2024-01-03 04:34:04,290 INFO site.dataSiteToBd(). Dataframe uspeshno zapisan v tablitsu - site_guest_new.
root 2024-01-03 04:34:04,314 INFO siteSession(). Podkluchenie k base site i otptavka zaprosa.
paramiko.transport 2024-01-03 04:34:04,341 INFO Connected (version 2.0, client OpenSSH_7.4)
paramiko.transport 2024-01-03 04:34:04,762 INFO Authentication (password) successful!
root 2024-01-03 04:34:26,701 INFO siteSession(). Uspeshnoe poluchenie dannih.
root 2024-01-03 04:34:26,724 INFO site.dataSiteToBd(). Zapis dataframe v tablitsu site_session_new.
root 2024-01-03 04:34:28,311 INFO site.dataSiteToBd(). Dataframe uspeshno zapisan v tablitsu - site_session_new.
root 2024-01-03 04:34:28,314 INFO siteOrderPropsValue(). Podkluchenie k base site i otptavka zaprosa.
paramiko.transport 2024-01-03 04:34:28,343 INFO Connected (version 2.0, client OpenSSH_7.4)
paramiko.transport 2024-01-03 04:34:28,724 INFO Authentication (password) successful!
root 2024-01-03 04:34:32,582 INFO siteOrderPropsValue(). Uspeshnoe poluchenie dannih.
root 2024-01-03 04:34:32,591 INFO site.dataSiteToBd(). Zapis dataframe v tablitsu site_order_props_value_new.
root 2024-01-03 04:34:32,690 INFO site.dataSiteToBd(). Dataframe uspeshno zapisan v tablitsu - site_order_props_value_new.
root 2024-01-03 04:34:32,693 INFO siteTransact(). Podkluchenie k base site i otptavka zaprosa.
paramiko.transport 2024-01-03 04:34:32,721 INFO Connected (version 2.0, client OpenSSH_7.4)
paramiko.transport 2024-01-03 04:34:33,089 INFO Authentication (password) successful!
root 2024-01-03 04:34:33,447 INFO siteTransact(). Uspeshnoe poluchenie dannih.
root 2024-01-03 04:34:33,449 INFO site.dataSiteToBd(). Zapis dataframe v tablitsu site_user_transact_new.
root 2024-01-03 04:34:33,536 INFO site.dataSiteToBd(). Dataframe uspeshno zapisan v tablitsu - site_user_transact_new.
root 2024-01-03 04:34:33,630 INFO Otpravka soobsheniya v telegram.
root 2024-01-03 04:34:34,091 INFO Soobshenie v telegram otpravleno.
