root 2023-12-30 04:30:16,670 INFO Step_1_hits. Creating a log.
root 2023-12-30 04:30:17,736 INFO Code status 200
NoneType: None
root 2023-12-30 04:30:17,737 INFO Step_1_hits. Successful log request.
root 2023-12-30 04:30:17,737 INFO Step_1_hits. Request number 33197627.
root 2023-12-30 04:30:17,738 INFO Step_1_hits. Request status created.
root 2023-12-30 04:30:17,738 INFO Step_2_hits. Log processing status.
root 2023-12-30 04:30:17,997 INFO Step_2_hits. Loading data. Code 200.
root 2023-12-30 04:31:16,160 INFO Step_2_hits. Number of parts - 1.
root 2023-12-30 04:31:16,160 INFO Step_2_hits. Request status processed.
root 2023-12-30 04:31:16,175 INFO Step_3_hits. Loading the log.
root 2023-12-30 04:31:17,075 INFO Step_3_hits. Loading a log from one part.
root 2023-12-30 04:31:17,075 INFO Step_4_hits. Deleting a log.
root 2023-12-30 04:31:17,395 INFO Step_4_hits. Successful log deletion # 33197627.
root 2023-12-30 04:31:17,395 INFO Step_4_hits. Deleting variables.
root 2023-12-30 04:31:17,400 INFO Start clearing data HITS.
root 2023-12-30 04:31:17,400 INFO Reading data HITS and writing to a dataframe.
root 2023-12-30 04:31:17,786 INFO Renaming columns HITS.
root 2023-12-30 04:31:17,854 INFO Clearing data HITS.
root 2023-12-30 04:31:17,952 INFO Start zagruzka v bazu logs api HITS.
root 2023-12-30 04:31:18,062 INFO Start zagruzka dannih - ym_hits_stranitsi_new.
root 2023-12-30 04:31:19,467 INFO End zagruzka dannih - ym_hits_stranitsi_new.
root 2023-12-30 04:31:19,467 INFO Start zagruzka dannih - ym_hits_obshee_new.
root 2023-12-30 04:31:20,741 INFO End zagruzka dannih - ym_hits_obshee_new.
root 2023-12-30 04:31:20,741 INFO Start zagruzka dannih - ym_hits_deystviya_new.
root 2023-12-30 04:31:21,426 INFO End zagruzka dannih - ym_hits_deystviya_new.
root 2023-12-30 04:31:21,426 INFO Start zagruzka dannih - ym_hits_ad_new.
root 2023-12-30 04:31:22,076 INFO End zagruzka dannih - ym_hits_ad_new.
root 2023-12-30 04:31:22,167 INFO Step_1_visit. Creating a log.
root 2023-12-30 04:31:22,530 INFO Code status 200
NoneType: None
root 2023-12-30 04:31:22,530 INFO Step_1_visit. Successful log request.
root 2023-12-30 04:31:22,531 INFO Step_1_visit. Request number 33197635.
root 2023-12-30 04:31:22,531 INFO Step_1_visit. Request status created.
root 2023-12-30 04:31:22,531 INFO Step_2_visit. Log processing status.
root 2023-12-30 04:31:22,846 INFO Step_2_visit. Loading data. Code 200.
root 2023-12-30 04:32:15,721 INFO Step_2_visit. Number of parts - 0.
root 2023-12-30 04:32:15,722 INFO Step_2_visit. Request status processed.
root 2023-12-30 04:32:15,722 INFO Step_3_visit. Loading the log.
root 2023-12-30 04:32:16,313 INFO Step_3_visit. Loading a log from one part.
root 2023-12-30 04:32:16,313 INFO Step_3_visit. Loading 0 parts of the log.
root 2023-12-30 04:32:16,313 INFO Step_4_visit. Deleting a log.
root 2023-12-30 04:32:16,612 INFO Step_4_visit. Successful log deletion # 33197635.
root 2023-12-30 04:32:16,612 INFO Step_4_visit. Deleting variables.
root 2023-12-30 04:32:16,617 INFO Start clearing data VISITS.
root 2023-12-30 04:32:16,617 INFO Reading data VISITS and writing to a dataframe.
root 2023-12-30 04:32:16,690 INFO Renaming columns VISITS.
root 2023-12-30 04:32:16,695 INFO Clearing data VISITS.
root 2023-12-30 04:32:16,959 INFO Start zagruzka v bazu logs api VISITS.
root 2023-12-30 04:32:17,002 INFO Start zagruzka dannih - ym_visits_obshee_new.
root 2023-12-30 04:32:17,372 INFO End zagruzka dannih - ym_visits_obshee_new.
root 2023-12-30 04:32:17,372 INFO Start zagruzka dannih - # ym_visits_detali_new.
root 2023-12-30 04:32:17,630 INFO End zagruzka dannih - ym_visits_detali_new.
root 2023-12-30 04:32:17,630 INFO siteLocationCountry(). Podkluchenie k base site i otptavka zaprosa.
paramiko.transport 2023-12-30 04:32:17,712 INFO Connected (version 2.0, client OpenSSH_7.4)
paramiko.transport 2023-12-30 04:32:18,421 INFO Authentication (password) successful!
root 2023-12-30 04:32:19,214 INFO siteLocationCountry(). Uspeshnoe poluchenie dannih.
root 2023-12-30 04:32:19,619 INFO siteLocationCity(). Podkluchenie k base site i otptavka zaprosa.
paramiko.transport 2023-12-30 04:32:19,646 INFO Connected (version 2.0, client OpenSSH_7.4)
paramiko.transport 2023-12-30 04:32:20,197 INFO Authentication (password) successful!
root 2023-12-30 04:32:21,082 INFO siteLocationCity(). Uspeshnoe poluchenie dannih.
root 2023-12-30 04:32:21,147 INFO siteStatus(). Podkluchenie k base site i otptavka zaprosa.
paramiko.transport 2023-12-30 04:32:21,176 INFO Connected (version 2.0, client OpenSSH_7.4)
paramiko.transport 2023-12-30 04:32:21,686 INFO Authentication (password) successful!
root 2023-12-30 04:32:22,356 INFO siteStatus(). Uspeshnoe poluchenie dannih.
root 2023-12-30 04:32:22,441 INFO siteUsers(). Podkluchenie k base site i otptavka zaprosa.
paramiko.transport 2023-12-30 04:32:22,470 INFO Connected (version 2.0, client OpenSSH_7.4)
paramiko.transport 2023-12-30 04:32:22,937 INFO Authentication (password) successful!
root 2023-12-30 04:32:24,058 INFO siteUsers(). Uspeshnoe poluchenie dannih.
root 2023-12-30 04:32:24,095 INFO site.dataSiteToBd(). Zapis dataframe v tablitsu site_user_new.
root 2023-12-30 04:32:24,242 INFO site.dataSiteToBd(). Dataframe uspeshno zapisan v tablitsu - site_user_new.
root 2023-12-30 04:32:24,309 INFO siteInsertOrders(). Podkluchenie k base site i otptavka zaprosa.
paramiko.transport 2023-12-30 04:32:24,339 INFO Connected (version 2.0, client OpenSSH_7.4)
paramiko.transport 2023-12-30 04:32:24,819 INFO Authentication (password) successful!
root 2023-12-30 04:32:28,556 INFO siteInsertOrders(). Uspeshnoe poluchenie dannih.
root 2023-12-30 04:32:28,559 INFO site.dataSiteToBd(). Zapis dataframe v tablitsu site_insert_order_new.
root 2023-12-30 04:32:28,681 INFO site.dataSiteToBd(). Dataframe uspeshno zapisan v tablitsu - site_insert_order_new.
root 2023-12-30 04:32:28,715 INFO siteUpdateOrders(). Podkluchenie k base site i otptavka zaprosa.
paramiko.transport 2023-12-30 04:32:28,746 INFO Connected (version 2.0, client OpenSSH_7.4)
paramiko.transport 2023-12-30 04:32:29,102 INFO Authentication (password) successful!
root 2023-12-30 04:32:33,261 INFO siteUpdateOrders(). Uspeshnoe poluchenie dannih.
root 2023-12-30 04:32:33,263 INFO site.dataSiteToBd(). Zapis dataframe v tablitsu site_update_order_new.
root 2023-12-30 04:32:33,381 INFO site.dataSiteToBd(). Dataframe uspeshno zapisan v tablitsu - site_update_order_new.
root 2023-12-30 04:32:33,603 INFO siteInsertFuser(). Podkluchenie k base site i otptavka zaprosa.
paramiko.transport 2023-12-30 04:32:33,636 INFO Connected (version 2.0, client OpenSSH_7.4)
paramiko.transport 2023-12-30 04:32:34,120 INFO Authentication (password) successful!
root 2023-12-30 04:32:36,338 INFO siteInsertFuser(). Uspeshnoe poluchenie dannih.
root 2023-12-30 04:32:36,346 INFO site.dataSiteToBd(). Zapis dataframe v tablitsu site_insert_fuser_new.
root 2023-12-30 04:32:38,774 INFO site.dataSiteToBd(). Dataframe uspeshno zapisan v tablitsu - site_insert_fuser_new.
root 2023-12-30 04:32:39,150 INFO siteUpdateFuser(). Podkluchenie k base site i otptavka zaprosa.
paramiko.transport 2023-12-30 04:32:39,191 INFO Connected (version 2.0, client OpenSSH_7.4)
paramiko.transport 2023-12-30 04:32:39,633 INFO Authentication (password) successful!
root 2023-12-30 04:32:41,733 INFO siteUpdateFuser(). Uspeshnoe poluchenie dannih.
root 2023-12-30 04:32:41,741 INFO site.dataSiteToBd(). Zapis dataframe v tablitsu site_update_fuser_new.
root 2023-12-30 04:32:43,103 INFO site.dataSiteToBd(). Dataframe uspeshno zapisan v tablitsu - site_update_fuser_new.
root 2023-12-30 04:32:43,178 INFO siteInsertBasket(). Podkluchenie k base site i otptavka zaprosa.
paramiko.transport 2023-12-30 04:32:43,207 INFO Connected (version 2.0, client OpenSSH_7.4)
paramiko.transport 2023-12-30 04:32:43,579 INFO Authentication (password) successful!
root 2023-12-30 04:32:47,081 INFO siteInsertBasket(). Uspeshnoe poluchenie dannih.
root 2023-12-30 04:32:47,092 INFO site.dataSiteToBd(). Zapis dataframe v tablitsu site_insert_basket_new.
root 2023-12-30 04:32:47,233 INFO site.dataSiteToBd(). Dataframe uspeshno zapisan v tablitsu - site_insert_basket_new.
root 2023-12-30 04:32:47,278 INFO siteUpdateBasket(). Podkluchenie k base site i otptavka zaprosa.
paramiko.transport 2023-12-30 04:32:47,311 INFO Connected (version 2.0, client OpenSSH_7.4)
paramiko.transport 2023-12-30 04:32:47,692 INFO Authentication (password) successful!
root 2023-12-30 04:32:51,132 INFO siteUpdateBasket(). Uspeshnoe poluchenie dannih.
root 2023-12-30 04:32:51,141 INFO site.dataSiteToBd(). Zapis dataframe v tablitsu site_update_basket_new.
root 2023-12-30 04:32:51,661 INFO site.dataSiteToBd(). Dataframe uspeshno zapisan v tablitsu - site_update_basket_new.
root 2023-12-30 04:32:51,819 INFO siteGuest(). Podkluchenie k base site i otptavka zaprosa.
paramiko.transport 2023-12-30 04:32:51,846 INFO Connected (version 2.0, client OpenSSH_7.4)
paramiko.transport 2023-12-30 04:32:52,273 INFO Authentication (password) successful!
root 2023-12-30 04:33:07,141 INFO siteGuest(). Uspeshnoe poluchenie dannih.
root 2023-12-30 04:33:07,155 INFO site.dataSiteToBd(). Zapis dataframe v tablitsu site_guest_new.
root 2023-12-30 04:33:07,998 INFO site.dataSiteToBd(). Dataframe uspeshno zapisan v tablitsu - site_guest_new.
root 2023-12-30 04:33:08,296 INFO siteSession(). Podkluchenie k base site i otptavka zaprosa.
paramiko.transport 2023-12-30 04:33:08,326 INFO Connected (version 2.0, client OpenSSH_7.4)
paramiko.transport 2023-12-30 04:33:08,785 INFO Authentication (password) successful!
root 2023-12-30 04:33:32,369 INFO siteSession(). Uspeshnoe poluchenie dannih.
root 2023-12-30 04:33:32,390 INFO site.dataSiteToBd(). Zapis dataframe v tablitsu site_session_new.
root 2023-12-30 04:33:33,851 INFO site.dataSiteToBd(). Dataframe uspeshno zapisan v tablitsu - site_session_new.
root 2023-12-30 04:33:33,879 INFO siteOrderPropsValue(). Podkluchenie k base site i otptavka zaprosa.
paramiko.transport 2023-12-30 04:33:33,915 INFO Connected (version 2.0, client OpenSSH_7.4)
paramiko.transport 2023-12-30 04:33:34,293 INFO Authentication (password) successful!
root 2023-12-30 04:33:38,580 INFO siteOrderPropsValue(). Uspeshnoe poluchenie dannih.
root 2023-12-30 04:33:38,589 INFO site.dataSiteToBd(). Zapis dataframe v tablitsu site_order_props_value_new.
root 2023-12-30 04:33:38,676 INFO site.dataSiteToBd(). Dataframe uspeshno zapisan v tablitsu - site_order_props_value_new.
root 2023-12-30 04:33:38,679 INFO siteTransact(). Podkluchenie k base site i otptavka zaprosa.
paramiko.transport 2023-12-30 04:33:38,707 INFO Connected (version 2.0, client OpenSSH_7.4)
paramiko.transport 2023-12-30 04:33:39,109 INFO Authentication (password) successful!
root 2023-12-30 04:33:39,864 INFO siteTransact(). Uspeshnoe poluchenie dannih.
root 2023-12-30 04:33:39,865 INFO site.dataSiteToBd(). Zapis dataframe v tablitsu site_user_transact_new.
root 2023-12-30 04:33:39,938 INFO site.dataSiteToBd(). Dataframe uspeshno zapisan v tablitsu - site_user_transact_new.
root 2023-12-30 04:33:40,023 INFO Otpravka soobsheniya v telegram.
root 2023-12-30 04:33:40,488 INFO Soobshenie v telegram otpravleno.
