paramiko.transport 2023-12-15 09:53:16,563 INFO Connected (version 2.0, client OpenSSH_7.4)
paramiko.transport 2023-12-15 09:53:17,178 INFO Authentication (password) successful!
py.warnings 2023-12-15 09:53:17,710 WARNING <ipython-input-5-bae49922f8fe>:31: UserWarning: pandas only supports SQLAlchemy connectable (engine/connection) or database string URI or sqlite3 DBAPI2 connection. Other DBAPI2 objects are not tested. Please consider using SQLAlchemy.
  df = pd.read_sql_query(query, connection)

root 2023-12-15 09:53:20,911 INFO site.dataSite(). Dannie polucheni yspeshno.
paramiko.transport 2023-12-15 10:32:03,227 INFO Connected (version 2.0, client OpenSSH_7.4)
paramiko.transport 2023-12-15 10:32:03,804 INFO Authentication (password) successful!
paramiko.transport 2023-12-15 10:38:10,099 INFO Connected (version 2.0, client OpenSSH_7.4)
paramiko.transport 2023-12-15 10:38:10,626 INFO Authentication (password) successful!
paramiko.transport 2023-12-15 10:42:26,858 INFO Connected (version 2.0, client OpenSSH_7.4)
paramiko.transport 2023-12-15 10:42:27,371 INFO Authentication (password) successful!
paramiko.transport 2023-12-15 11:17:33,652 INFO Connected (version 2.0, client OpenSSH_7.4)
paramiko.transport 2023-12-15 11:17:34,118 INFO Authentication (password) successful!
paramiko.transport 2023-12-15 11:21:08,340 INFO Connected (version 2.0, client OpenSSH_7.4)
paramiko.transport 2023-12-15 11:21:08,724 INFO Authentication (password) successful!
paramiko.transport 2023-12-15 11:23:57,234 INFO Connected (version 2.0, client OpenSSH_7.4)
paramiko.transport 2023-12-15 11:23:57,680 INFO Authentication (password) successful!
paramiko.transport 2023-12-15 11:33:38,752 INFO Connected (version 2.0, client OpenSSH_7.4)
paramiko.transport 2023-12-15 11:33:39,143 INFO Authentication (password) successful!
paramiko.transport 2023-12-15 11:39:05,287 INFO Connected (version 2.0, client OpenSSH_7.4)
paramiko.transport 2023-12-15 11:39:05,667 INFO Authentication (password) successful!
paramiko.transport 2023-12-15 11:41:31,856 INFO Connected (version 2.0, client OpenSSH_7.4)
paramiko.transport 2023-12-15 11:41:32,374 INFO Authentication (password) successful!
paramiko.transport 2023-12-15 11:42:43,255 INFO Connected (version 2.0, client OpenSSH_7.4)
paramiko.transport 2023-12-15 11:42:43,654 INFO Authentication (password) successful!
paramiko.transport 2023-12-15 11:43:11,539 INFO Connected (version 2.0, client OpenSSH_7.4)
paramiko.transport 2023-12-15 11:43:12,015 INFO Authentication (password) successful!
paramiko.transport 2023-12-15 11:49:03,455 INFO Connected (version 2.0, client OpenSSH_7.4)
paramiko.transport 2023-12-15 11:49:03,789 INFO Authentication (password) successful!
paramiko.transport 2023-12-15 11:51:37,517 INFO Connected (version 2.0, client OpenSSH_7.4)
paramiko.transport 2023-12-15 11:51:38,063 INFO Authentication (password) successful!
paramiko.transport 2023-12-15 12:19:53,934 INFO Connected (version 2.0, client OpenSSH_7.4)
paramiko.transport 2023-12-15 12:19:54,404 INFO Authentication (password) successful!
paramiko.transport 2023-12-15 12:26:23,955 INFO Connected (version 2.0, client OpenSSH_7.4)
paramiko.transport 2023-12-15 12:26:24,417 INFO Authentication (password) successful!
paramiko.transport 2023-12-15 12:31:03,495 INFO Connected (version 2.0, client OpenSSH_7.4)
paramiko.transport 2023-12-15 12:31:04,003 INFO Authentication (password) successful!
