root 2024-01-01 04:30:11,870 INFO Step_1_hits. Creating a log.
root 2024-01-01 04:30:13,770 INFO Code status 200
NoneType: None
root 2024-01-01 04:30:13,771 INFO Step_1_hits. Successful log request.
root 2024-01-01 04:30:13,771 INFO Step_1_hits. Request number 33230581.
root 2024-01-01 04:30:13,771 INFO Step_1_hits. Request status created.
root 2024-01-01 04:30:13,772 INFO Step_2_hits. Log processing status.
root 2024-01-01 04:30:14,036 INFO Step_2_hits. Loading data. Code 200.
root 2024-01-01 04:31:17,724 INFO Step_2_hits. Number of parts - 1.
root 2024-01-01 04:31:17,724 INFO Step_2_hits. Request status processed.
root 2024-01-01 04:31:17,725 INFO Step_3_hits. Loading the log.
root 2024-01-01 04:31:18,459 INFO Step_3_hits. Loading a log from one part.
root 2024-01-01 04:31:18,459 INFO Step_4_hits. Deleting a log.
root 2024-01-01 04:31:18,768 INFO Step_4_hits. Successful log deletion # 33230581.
root 2024-01-01 04:31:18,769 INFO Step_4_hits. Deleting variables.
root 2024-01-01 04:31:18,773 INFO Start clearing data HITS.
root 2024-01-01 04:31:18,773 INFO Reading data HITS and writing to a dataframe.
root 2024-01-01 04:31:19,022 INFO Renaming columns HITS.
root 2024-01-01 04:31:19,087 INFO Clearing data HITS.
root 2024-01-01 04:31:19,133 INFO Start zagruzka v bazu logs api HITS.
root 2024-01-01 04:31:19,209 INFO Start zagruzka dannih - ym_hits_stranitsi_new.
root 2024-01-01 04:31:19,618 INFO End zagruzka dannih - ym_hits_stranitsi_new.
root 2024-01-01 04:31:19,619 INFO Start zagruzka dannih - ym_hits_obshee_new.
root 2024-01-01 04:31:20,160 INFO End zagruzka dannih - ym_hits_obshee_new.
root 2024-01-01 04:31:20,160 INFO Start zagruzka dannih - ym_hits_deystviya_new.
root 2024-01-01 04:31:20,523 INFO End zagruzka dannih - ym_hits_deystviya_new.
root 2024-01-01 04:31:20,523 INFO Start zagruzka dannih - ym_hits_ad_new.
root 2024-01-01 04:31:20,911 INFO End zagruzka dannih - ym_hits_ad_new.
root 2024-01-01 04:31:20,918 INFO Step_1_visit. Creating a log.
root 2024-01-01 04:31:21,245 INFO Code status 200
NoneType: None
root 2024-01-01 04:31:21,246 INFO Step_1_visit. Successful log request.
root 2024-01-01 04:31:21,246 INFO Step_1_visit. Request number 33230594.
root 2024-01-01 04:31:21,246 INFO Step_1_visit. Request status created.
root 2024-01-01 04:31:21,246 INFO Step_2_visit. Log processing status.
root 2024-01-01 04:31:21,504 INFO Step_2_visit. Loading data. Code 200.
root 2024-01-01 04:32:14,356 INFO Step_2_visit. Number of parts - 0.
root 2024-01-01 04:32:14,356 INFO Step_2_visit. Request status processed.
root 2024-01-01 04:32:14,357 INFO Step_3_visit. Loading the log.
root 2024-01-01 04:32:14,967 INFO Step_3_visit. Loading a log from one part.
root 2024-01-01 04:32:14,968 INFO Step_3_visit. Loading 0 parts of the log.
root 2024-01-01 04:32:14,968 INFO Step_4_visit. Deleting a log.
root 2024-01-01 04:32:15,293 INFO Step_4_visit. Successful log deletion # 33230594.
root 2024-01-01 04:32:15,293 INFO Step_4_visit. Deleting variables.
root 2024-01-01 04:32:15,294 INFO Start clearing data VISITS.
root 2024-01-01 04:32:15,294 INFO Reading data VISITS and writing to a dataframe.
root 2024-01-01 04:32:15,321 INFO Renaming columns VISITS.
root 2024-01-01 04:32:15,325 INFO Clearing data VISITS.
root 2024-01-01 04:32:15,567 INFO Start zagruzka v bazu logs api VISITS.
root 2024-01-01 04:32:15,611 INFO Start zagruzka dannih - ym_visits_obshee_new.
root 2024-01-01 04:32:15,735 INFO End zagruzka dannih - ym_visits_obshee_new.
root 2024-01-01 04:32:15,735 INFO Start zagruzka dannih - # ym_visits_detali_new.
root 2024-01-01 04:32:15,833 INFO End zagruzka dannih - ym_visits_detali_new.
root 2024-01-01 04:32:15,834 INFO siteLocationCountry(). Podkluchenie k base site i otptavka zaprosa.
paramiko.transport 2024-01-01 04:32:15,898 INFO Connected (version 2.0, client OpenSSH_7.4)
paramiko.transport 2024-01-01 04:32:16,597 INFO Authentication (password) successful!
root 2024-01-01 04:32:17,074 INFO siteLocationCountry(). Uspeshnoe poluchenie dannih.
root 2024-01-01 04:32:17,420 INFO siteLocationCity(). Podkluchenie k base site i otptavka zaprosa.
paramiko.transport 2024-01-01 04:32:17,447 INFO Connected (version 2.0, client OpenSSH_7.4)
paramiko.transport 2024-01-01 04:32:18,026 INFO Authentication (password) successful!
root 2024-01-01 04:32:18,592 INFO siteLocationCity(). Uspeshnoe poluchenie dannih.
root 2024-01-01 04:32:18,619 INFO siteStatus(). Podkluchenie k base site i otptavka zaprosa.
paramiko.transport 2024-01-01 04:32:18,648 INFO Connected (version 2.0, client OpenSSH_7.4)
paramiko.transport 2024-01-01 04:32:19,164 INFO Authentication (password) successful!
root 2024-01-01 04:32:19,496 INFO siteStatus(). Uspeshnoe poluchenie dannih.
root 2024-01-01 04:32:19,548 INFO siteUsers(). Podkluchenie k base site i otptavka zaprosa.
paramiko.transport 2024-01-01 04:32:19,577 INFO Connected (version 2.0, client OpenSSH_7.4)
paramiko.transport 2024-01-01 04:32:20,028 INFO Authentication (password) successful!
root 2024-01-01 04:32:20,867 INFO siteUsers(). Uspeshnoe poluchenie dannih.
root 2024-01-01 04:32:20,897 INFO site.dataSiteToBd(). Zapis dataframe v tablitsu site_user_new.
root 2024-01-01 04:32:21,145 INFO site.dataSiteToBd(). Dataframe uspeshno zapisan v tablitsu - site_user_new.
root 2024-01-01 04:32:21,157 INFO siteInsertOrders(). Podkluchenie k base site i otptavka zaprosa.
paramiko.transport 2024-01-01 04:32:21,188 INFO Connected (version 2.0, client OpenSSH_7.4)
paramiko.transport 2024-01-01 04:32:21,739 INFO Authentication (password) successful!
root 2024-01-01 04:32:25,120 INFO siteInsertOrders(). Uspeshnoe poluchenie dannih.
root 2024-01-01 04:32:25,125 INFO site.dataSiteToBd(). Zapis dataframe v tablitsu site_insert_order_new.
root 2024-01-01 04:32:25,218 INFO site.dataSiteToBd(). Dataframe uspeshno zapisan v tablitsu - site_insert_order_new.
root 2024-01-01 04:32:25,221 INFO siteUpdateOrders(). Podkluchenie k base site i otptavka zaprosa.
paramiko.transport 2024-01-01 04:32:25,251 INFO Connected (version 2.0, client OpenSSH_7.4)
paramiko.transport 2024-01-01 04:32:25,719 INFO Authentication (password) successful!
root 2024-01-01 04:32:29,112 INFO siteUpdateOrders(). Uspeshnoe poluchenie dannih.
root 2024-01-01 04:32:29,116 INFO site.dataSiteToBd(). Zapis dataframe v tablitsu site_update_order_new.
root 2024-01-01 04:32:29,222 INFO site.dataSiteToBd(). Dataframe uspeshno zapisan v tablitsu - site_update_order_new.
root 2024-01-01 04:32:29,287 INFO siteInsertFuser(). Podkluchenie k base site i otptavka zaprosa.
paramiko.transport 2024-01-01 04:32:29,313 INFO Connected (version 2.0, client OpenSSH_7.4)
paramiko.transport 2024-01-01 04:32:29,688 INFO Authentication (password) successful!
root 2024-01-01 04:32:30,633 INFO siteInsertFuser(). Uspeshnoe poluchenie dannih.
root 2024-01-01 04:32:30,637 INFO site.dataSiteToBd(). Zapis dataframe v tablitsu site_insert_fuser_new.
root 2024-01-01 04:32:31,000 INFO site.dataSiteToBd(). Dataframe uspeshno zapisan v tablitsu - site_insert_fuser_new.
root 2024-01-01 04:32:31,082 INFO siteUpdateFuser(). Podkluchenie k base site i otptavka zaprosa.
paramiko.transport 2024-01-01 04:32:31,112 INFO Connected (version 2.0, client OpenSSH_7.4)
paramiko.transport 2024-01-01 04:32:31,476 INFO Authentication (password) successful!
root 2024-01-01 04:32:32,328 INFO siteUpdateFuser(). Uspeshnoe poluchenie dannih.
root 2024-01-01 04:32:32,332 INFO site.dataSiteToBd(). Zapis dataframe v tablitsu site_update_fuser_new.
root 2024-01-01 04:32:32,700 INFO site.dataSiteToBd(). Dataframe uspeshno zapisan v tablitsu - site_update_fuser_new.
root 2024-01-01 04:32:32,704 INFO siteInsertBasket(). Podkluchenie k base site i otptavka zaprosa.
paramiko.transport 2024-01-01 04:32:32,733 INFO Connected (version 2.0, client OpenSSH_7.4)
paramiko.transport 2024-01-01 04:32:33,172 INFO Authentication (password) successful!
root 2024-01-01 04:32:36,153 INFO siteInsertBasket(). Uspeshnoe poluchenie dannih.
root 2024-01-01 04:32:36,155 INFO site.dataSiteToBd(). Zapis dataframe v tablitsu site_insert_basket_new.
root 2024-01-01 04:32:36,299 INFO site.dataSiteToBd(). Dataframe uspeshno zapisan v tablitsu - site_insert_basket_new.
root 2024-01-01 04:32:36,305 INFO siteUpdateBasket(). Podkluchenie k base site i otptavka zaprosa.
paramiko.transport 2024-01-01 04:32:36,333 INFO Connected (version 2.0, client OpenSSH_7.4)
paramiko.transport 2024-01-01 04:32:36,698 INFO Authentication (password) successful!
root 2024-01-01 04:32:39,909 INFO siteUpdateBasket(). Uspeshnoe poluchenie dannih.
root 2024-01-01 04:32:39,917 INFO site.dataSiteToBd(). Zapis dataframe v tablitsu site_update_basket_new.
root 2024-01-01 04:32:40,192 INFO site.dataSiteToBd(). Dataframe uspeshno zapisan v tablitsu - site_update_basket_new.
root 2024-01-01 04:32:40,270 INFO siteGuest(). Podkluchenie k base site i otptavka zaprosa.
paramiko.transport 2024-01-01 04:32:40,297 INFO Connected (version 2.0, client OpenSSH_7.4)
paramiko.transport 2024-01-01 04:32:40,669 INFO Authentication (password) successful!
root 2024-01-01 04:32:55,846 INFO siteGuest(). Uspeshnoe poluchenie dannih.
root 2024-01-01 04:32:55,858 INFO site.dataSiteToBd(). Zapis dataframe v tablitsu site_guest_new.
root 2024-01-01 04:32:56,782 INFO site.dataSiteToBd(). Dataframe uspeshno zapisan v tablitsu - site_guest_new.
root 2024-01-01 04:32:56,807 INFO siteSession(). Podkluchenie k base site i otptavka zaprosa.
paramiko.transport 2024-01-01 04:32:56,834 INFO Connected (version 2.0, client OpenSSH_7.4)
paramiko.transport 2024-01-01 04:32:57,171 INFO Authentication (password) successful!
root 2024-01-01 04:33:18,851 INFO siteSession(). Uspeshnoe poluchenie dannih.
root 2024-01-01 04:33:18,868 INFO site.dataSiteToBd(). Zapis dataframe v tablitsu site_session_new.
root 2024-01-01 04:33:19,946 INFO site.dataSiteToBd(). Dataframe uspeshno zapisan v tablitsu - site_session_new.
root 2024-01-01 04:33:19,949 INFO siteOrderPropsValue(). Podkluchenie k base site i otptavka zaprosa.
paramiko.transport 2024-01-01 04:33:19,976 INFO Connected (version 2.0, client OpenSSH_7.4)
paramiko.transport 2024-01-01 04:33:20,351 INFO Authentication (password) successful!
root 2024-01-01 04:33:24,084 INFO siteOrderPropsValue(). Uspeshnoe poluchenie dannih.
root 2024-01-01 04:33:24,087 INFO site.dataSiteToBd(). Zapis dataframe v tablitsu site_order_props_value_new.
root 2024-01-01 04:33:24,153 INFO site.dataSiteToBd(). Dataframe uspeshno zapisan v tablitsu - site_order_props_value_new.
root 2024-01-01 04:33:24,156 INFO siteTransact(). Podkluchenie k base site i otptavka zaprosa.
paramiko.transport 2024-01-01 04:33:24,182 INFO Connected (version 2.0, client OpenSSH_7.4)
paramiko.transport 2024-01-01 04:33:24,515 INFO Authentication (password) successful!
root 2024-01-01 04:33:24,862 INFO siteTransact(). Uspeshnoe poluchenie dannih.
root 2024-01-01 04:33:24,862 INFO site.dataSiteToBd(). Zapis dataframe v tablitsu site_user_transact_new.
root 2024-01-01 04:33:24,915 INFO site.dataSiteToBd(). Dataframe uspeshno zapisan v tablitsu - site_user_transact_new.
root 2024-01-01 04:33:25,016 INFO Otpravka soobsheniya v telegram.
root 2024-01-01 04:33:25,428 INFO Soobshenie v telegram otpravleno.
